#
# There is insufficient memory for the Java Runtime Environment to continue.
# Native memory allocation (mmap) failed to map 8388608 bytes. Error detail: G1 virtual space
# Possible reasons:
#   The system is out of physical RAM or swap space
#   This process is running with CompressedOops enabled, and the Java Heap may be blocking the growth of the native heap
# Possible solutions:
#   Reduce memory load on the system
#   Increase physical memory or swap space
#   Check if swap backing store is full
#   Decrease Java heap size (-Xmx/-Xms)
#   Decrease number of Java threads
#   Decrease Java thread stack sizes (-Xss)
#   Set larger code cache with -XX:ReservedCodeCacheSize=
#   JVM is running with Unscaled Compressed Oops mode in which the Java heap is
#     placed in the first 4GB address space. The Java Heap base address is the
#     maximum limit for the native heap growth. Please use -XX:HeapBaseMinAddress
#     to set the Java Heap base and to place the Java Heap above 4GB virtual address.
# This output file may be truncated or incomplete.
#
#  Out of Memory Error (os_windows.cpp:3925), pid=15572, tid=21932
#
# JRE version: OpenJDK Runtime Environment (21.0.9) (build 21.0.9+-14787801-b1163.94)
# Java VM: OpenJDK 64-Bit Server VM (21.0.9+-14787801-b1163.94, mixed mode, tiered, compressed oops, compressed class ptrs, g1 gc, windows-amd64)
# No core dump will be written. Minidumps are not enabled by default on client versions of Windows
#

---------------  S U M M A R Y ------------

Command Line: --add-opens=java.base/java.lang=ALL-UNNAMED --add-opens=java.base/java.lang.invoke=ALL-UNNAMED --add-opens=java.base/java.util=ALL-UNNAMED --add-opens=java.prefs/java.util.prefs=ALL-UNNAMED --add-exports=jdk.compiler/com.sun.tools.javac.api=ALL-UNNAMED --add-exports=jdk.compiler/com.sun.tools.javac.util=ALL-UNNAMED --add-opens=java.base/java.util=ALL-UNNAMED --add-opens=java.prefs/java.util.prefs=ALL-UNNAMED --add-opens=java.base/java.nio.charset=ALL-UNNAMED --add-opens=java.base/java.net=ALL-UNNAMED --add-opens=java.base/java.util.concurrent=ALL-UNNAMED --add-opens=java.base/java.util.concurrent.atomic=ALL-UNNAMED --add-opens=java.xml/javax.xml.namespace=ALL-UNNAMED --add-opens=java.base/java.time=ALL-UNNAMED -Xmx2048m -Dfile.encoding=UTF-8 -Duser.country=AR -Duser.language=es -Duser.variant -javaagent:C:\Users\martu\.gradle\wrapper\dists\gradle-9.3.1-bin\23ovyewtku6u96viwx3xl3oks\gradle-9.3.1\lib\agents\gradle-instrumentation-agent-9.3.1.jar org.gradle.launcher.daemon.bootstrap.GradleDaemon 9.3.1

Host: Intel(R) Core(TM) i7-1065G7 CPU @ 1.30GHz, 8 cores, 7G,  Windows 11 , 64 bit Build 26100 (10.0.26100.8246)
Time: Sun Apr 19 19:03:21 2026 Hora estándar de Argentina elapsed time: 16.918654 seconds (0d 0h 0m 16s)

---------------  T H R E A D  ---------------

Current thread (0x000001e997a4e380):  VMThread "VM Thread"          [id=21932, stack(0x000000b39aa00000,0x000000b39ab00000) (1024K)]

Stack: [0x000000b39aa00000,0x000000b39ab00000]
Native frames: (J=compiled Java code, j=interpreted, Vv=VM code, C=native code)
V  [jvm.dll+0x6d6c99]
V  [jvm.dll+0x866b83]
V  [jvm.dll+0x8691ae]
V  [jvm.dll+0x869893]
V  [jvm.dll+0x280776]
V  [jvm.dll+0x6d3555]
V  [jvm.dll+0x6c6bea]
V  [jvm.dll+0x3587fb]
V  [jvm.dll+0x360476]
V  [jvm.dll+0x3b2646]
V  [jvm.dll+0x3b2918]
V  [jvm.dll+0x32af0c]
V  [jvm.dll+0x32af97]
V  [jvm.dll+0x370e7c]
V  [jvm.dll+0x36f62e]
V  [jvm.dll+0x32a661]
V  [jvm.dll+0x36ed30]
V  [jvm.dll+0x86f618]
V  [jvm.dll+0x870994]
V  [jvm.dll+0x870ed0]
V  [jvm.dll+0x871163]
V  [jvm.dll+0x80f118]
V  [jvm.dll+0x6d54ed]
C  [ucrtbase.dll+0x37b0]
C  [KERNEL32.DLL+0x2e8d7]
C  [ntdll.dll+0x8c3fc]

VM_Operation (0x000000b39c4f62e0): G1CollectForAllocation, mode: safepoint, requested by thread 0x000001e99d80e430


---------------  P R O C E S S  ---------------

Threads class SMR info:
_java_thread_list=0x000001e99f5e46c0, length=60, elements={
0x000001e9ffe7e900, 0x000001e99c08ce60, 0x000001e99c08f190, 0x000001e99c08fbf0,
0x000001e99c0b0700, 0x000001e99c0b9490, 0x000001e99c0baa60, 0x000001e99c0c4040,
0x000001e99c0d3e60, 0x000001e99c0d6d30, 0x000001e99c3c55e0, 0x000001e99eb29c40,
0x000001e99d261e90, 0x000001e99eb9fda0, 0x000001e99d26e2b0, 0x000001e99eb6d9b0,
0x000001e99d80d710, 0x000001e99d80e430, 0x000001e99d80dda0, 0x000001e99d80c9f0,
0x000001e99d80fe70, 0x000001e99d80f7e0, 0x000001e99d80d080, 0x000001e99d80eac0,
0x000001e99d9965f0, 0x000001e99d9958d0, 0x000001e99d996c80, 0x000001e99d9979a0,
0x000001e99d994520, 0x000001e99d998030, 0x000001e99d994bb0, 0x000001e99d9986c0,
0x000001e99d995240, 0x000001e99d999a70, 0x000001e99d99a100, 0x000001e99d9993e0,
0x000001e99d998d50, 0x000001e99d99bb40, 0x000001e99d99a790, 0x000001e99d99b4b0,
0x000001e99f2010e0, 0x000001e99f1ff6a0, 0x000001e99f1ffd30, 0x000001e99f201770,
0x000001e99f2003c0, 0x000001e99f200a50, 0x000001e99f1ff010, 0x000001e99f203840,
0x000001e99f203ed0, 0x000001e99f204560, 0x000001e99f204bf0, 0x000001e99f205280,
0x000001e99f201e00, 0x000001e99f202490, 0x000001e99f205910, 0x000001e99f205fa0,
0x000001e99f202b20, 0x000001e99f206630, 0x000001e9a033f950, 0x000001e9a14b8920
}

Java Threads: ( => current thread )
  0x000001e9ffe7e900 JavaThread "main"                              [_thread_blocked, id=2492, stack(0x000000b39a300000,0x000000b39a400000) (1024K)]
  0x000001e99c08ce60 JavaThread "Common-Cleaner"             daemon [_thread_blocked, id=6360, stack(0x000000b39ab00000,0x000000b39ac00000) (1024K)]
  0x000001e99c08f190 JavaThread "Reference Handler"          daemon [_thread_blocked, id=16572, stack(0x000000b39ac00000,0x000000b39ad00000) (1024K)]
  0x000001e99c08fbf0 JavaThread "Finalizer"                  daemon [_thread_blocked, id=12956, stack(0x000000b39ad00000,0x000000b39ae00000) (1024K)]
  0x000001e99c0b0700 JavaThread "Signal Dispatcher"          daemon [_thread_blocked, id=13968, stack(0x000000b39ae00000,0x000000b39af00000) (1024K)]
  0x000001e99c0b9490 JavaThread "Attach Listener"            daemon [_thread_blocked, id=7716, stack(0x000000b39af00000,0x000000b39b000000) (1024K)]
  0x000001e99c0baa60 JavaThread "Service Thread"             daemon [_thread_blocked, id=19932, stack(0x000000b39b000000,0x000000b39b100000) (1024K)]
  0x000001e99c0c4040 JavaThread "Monitor Deflation Thread"   daemon [_thread_blocked, id=4896, stack(0x000000b39b100000,0x000000b39b200000) (1024K)]
  0x000001e99c0d3e60 JavaThread "C2 CompilerThread0"         daemon [_thread_blocked, id=21356, stack(0x000000b39b200000,0x000000b39b300000) (1024K)]
  0x000001e99c0d6d30 JavaThread "C1 CompilerThread0"         daemon [_thread_blocked, id=19192, stack(0x000000b39b300000,0x000000b39b400000) (1024K)]
  0x000001e99c3c55e0 JavaThread "Notification Thread"        daemon [_thread_blocked, id=23172, stack(0x000000b39b400000,0x000000b39b500000) (1024K)]
  0x000001e99eb29c40 JavaThread "Daemon health stats"               [_thread_blocked, id=18624, stack(0x000000b39ba00000,0x000000b39bb00000) (1024K)]
  0x000001e99d261e90 JavaThread "Incoming local TCP Connector on port 51216"        [_thread_in_native, id=15156, stack(0x000000b39bb00000,0x000000b39bc00000) (1024K)]
  0x000001e99eb9fda0 JavaThread "Daemon periodic checks"            [_thread_blocked, id=19356, stack(0x000000b39bf00000,0x000000b39c000000) (1024K)]
  0x000001e99d26e2b0 JavaThread "Daemon"                            [_thread_blocked, id=15272, stack(0x000000b39c000000,0x000000b39c100000) (1024K)]
  0x000001e99eb6d9b0 JavaThread "Handler for socket connection from /127.0.0.1:51216 to /127.0.0.1:51217"        [_thread_in_native, id=17020, stack(0x000000b39c100000,0x000000b39c200000) (1024K)]
  0x000001e99d80d710 JavaThread "Cancel handler"                    [_thread_blocked, id=19784, stack(0x000000b39c300000,0x000000b39c400000) (1024K)]
  0x000001e99d80e430 JavaThread "Daemon worker"                     [_thread_blocked, id=2372, stack(0x000000b39c400000,0x000000b39c500000) (1024K)]
  0x000001e99d80dda0 JavaThread "Asynchronous log dispatcher for DefaultDaemonConnection: socket connection from /127.0.0.1:51216 to /127.0.0.1:51217"        [_thread_blocked, id=15996, stack(0x000000b39c500000,0x000000b39c600000) (1024K)]
  0x000001e99d80c9f0 JavaThread "Stdin handler"                     [_thread_blocked, id=17132, stack(0x000000b39c600000,0x000000b39c700000) (1024K)]
  0x000001e99d80fe70 JavaThread "Daemon client event forwarder"        [_thread_blocked, id=18108, stack(0x000000b39c700000,0x000000b39c800000) (1024K)]
  0x000001e99d80f7e0 JavaThread "Cache worker for journal cache (C:\Users\martu\.gradle\caches\journal-1)"        [_thread_blocked, id=9500, stack(0x000000b39c800000,0x000000b39c900000) (1024K)]
  0x000001e99d80d080 JavaThread "File lock request listener"        [_thread_in_native, id=10996, stack(0x000000b39c900000,0x000000b39ca00000) (1024K)]
  0x000001e99d80eac0 JavaThread "Cache worker for file hash cache (C:\Users\martu\.gradle\caches\9.3.1\fileHashes)"        [_thread_blocked, id=22404, stack(0x000000b39ca00000,0x000000b39cb00000) (1024K)]
  0x000001e99d9965f0 JavaThread "Cache worker for file hash cache (C:\Users\martu\AndroidStudioProjects\Parcial1amacn4avgrassirios\.gradle\9.3.1\fileHashes)"        [_thread_blocked, id=21000, stack(0x000000b39cb00000,0x000000b39cc00000) (1024K)]
  0x000001e99d9958d0 JavaThread "Cache worker for Build Output Cleanup Cache (C:\Users\martu\AndroidStudioProjects\Parcial1amacn4avgrassirios\.gradle\buildOutputCleanup)"        [_thread_blocked, id=22884, stack(0x000000b39cc00000,0x000000b39cd00000) (1024K)]
  0x000001e99d996c80 JavaThread "File watcher server"        daemon [_thread_in_native, id=18436, stack(0x000000b39cd00000,0x000000b39ce00000) (1024K)]
  0x000001e99d9979a0 JavaThread "File watcher consumer"      daemon [_thread_blocked, id=19188, stack(0x000000b39ce00000,0x000000b39cf00000) (1024K)]
  0x000001e99d994520 JavaThread "jar transforms"                    [_thread_blocked, id=1864, stack(0x000000b39cf00000,0x000000b39d000000) (1024K)]
  0x000001e99d998030 JavaThread "jar transforms Thread 2"           [_thread_blocked, id=1968, stack(0x000000b39d000000,0x000000b39d100000) (1024K)]
  0x000001e99d994bb0 JavaThread "jar transforms Thread 3"           [_thread_blocked, id=22140, stack(0x000000b39d100000,0x000000b39d200000) (1024K)]
  0x000001e99d9986c0 JavaThread "jar transforms Thread 4"           [_thread_blocked, id=20600, stack(0x000000b39d200000,0x000000b39d300000) (1024K)]
  0x000001e99d995240 JavaThread "jar transforms Thread 5"           [_thread_blocked, id=12908, stack(0x000000b39d300000,0x000000b39d400000) (1024K)]
  0x000001e99d999a70 JavaThread "jar transforms Thread 6"           [_thread_blocked, id=17488, stack(0x000000b39d400000,0x000000b39d500000) (1024K)]
  0x000001e99d99a100 JavaThread "jar transforms Thread 7"           [_thread_blocked, id=4848, stack(0x000000b39d500000,0x000000b39d600000) (1024K)]
  0x000001e99d9993e0 JavaThread "jar transforms Thread 8"           [_thread_blocked, id=15720, stack(0x000000b39d600000,0x000000b39d700000) (1024K)]
  0x000001e99d998d50 JavaThread "Cache worker for checksums cache (C:\Users\martu\AndroidStudioProjects\Parcial1amacn4avgrassirios\.gradle\9.3.1\checksums)"        [_thread_blocked, id=20740, stack(0x000000b39d800000,0x000000b39d900000) (1024K)]
  0x000001e99d99bb40 JavaThread "Cache worker for file content cache (C:\Users\martu\.gradle\caches\9.3.1\fileContent)"        [_thread_blocked, id=20672, stack(0x000000b39d900000,0x000000b39da00000) (1024K)]
  0x000001e99d99a790 JavaThread "Cache worker for cache directory md-supplier (C:\Users\martu\.gradle\caches\9.3.1\md-supplier)"        [_thread_blocked, id=1536, stack(0x000000b39da00000,0x000000b39db00000) (1024K)]
  0x000001e99d99b4b0 JavaThread "Cache worker for cache directory md-rule (C:\Users\martu\.gradle\caches\9.3.1\md-rule)"        [_thread_blocked, id=21372, stack(0x000000b39db00000,0x000000b39dc00000) (1024K)]
  0x000001e99f2010e0 JavaThread "Unconstrained build operations"        [_thread_blocked, id=21644, stack(0x000000b39d700000,0x000000b39d800000) (1024K)]
  0x000001e99f1ff6a0 JavaThread "Unconstrained build operations Thread 2"        [_thread_blocked, id=21464, stack(0x000000b39dc00000,0x000000b39dd00000) (1024K)]
  0x000001e99f1ffd30 JavaThread "Unconstrained build operations Thread 3"        [_thread_blocked, id=6252, stack(0x000000b39dd00000,0x000000b39de00000) (1024K)]
  0x000001e99f201770 JavaThread "Unconstrained build operations Thread 4"        [_thread_blocked, id=8660, stack(0x000000b39de00000,0x000000b39df00000) (1024K)]
  0x000001e99f2003c0 JavaThread "Unconstrained build operations Thread 5"        [_thread_blocked, id=16640, stack(0x000000b39df00000,0x000000b39e000000) (1024K)]
  0x000001e99f200a50 JavaThread "Unconstrained build operations Thread 6"        [_thread_blocked, id=3016, stack(0x000000b39e000000,0x000000b39e100000) (1024K)]
  0x000001e99f1ff010 JavaThread "Unconstrained build operations Thread 7"        [_thread_blocked, id=14708, stack(0x000000b39e100000,0x000000b39e200000) (1024K)]
  0x000001e99f203840 JavaThread "Unconstrained build operations Thread 8"        [_thread_blocked, id=16476, stack(0x000000b39e200000,0x000000b39e300000) (1024K)]
  0x000001e99f203ed0 JavaThread "Unconstrained build operations Thread 9"        [_thread_blocked, id=21800, stack(0x000000b39e300000,0x000000b39e400000) (1024K)]
  0x000001e99f204560 JavaThread "Unconstrained build operations Thread 10"        [_thread_blocked, id=8776, stack(0x000000b39e400000,0x000000b39e500000) (1024K)]
  0x000001e99f204bf0 JavaThread "Unconstrained build operations Thread 11"        [_thread_blocked, id=9748, stack(0x000000b39e500000,0x000000b39e600000) (1024K)]
  0x000001e99f205280 JavaThread "Unconstrained build operations Thread 12"        [_thread_blocked, id=13756, stack(0x000000b39e600000,0x000000b39e700000) (1024K)]
  0x000001e99f201e00 JavaThread "Unconstrained build operations Thread 13"        [_thread_blocked, id=5324, stack(0x000000b39e700000,0x000000b39e800000) (1024K)]
  0x000001e99f202490 JavaThread "Unconstrained build operations Thread 14"        [_thread_blocked, id=12056, stack(0x000000b39e800000,0x000000b39e900000) (1024K)]
  0x000001e99f205910 JavaThread "Unconstrained build operations Thread 15"        [_thread_blocked, id=3144, stack(0x000000b39e900000,0x000000b39ea00000) (1024K)]
  0x000001e99f205fa0 JavaThread "Unconstrained build operations Thread 16"        [_thread_blocked, id=15244, stack(0x000000b39ea00000,0x000000b39eb00000) (1024K)]
  0x000001e99f202b20 JavaThread "Unconstrained build operations Thread 17"        [_thread_blocked, id=15352, stack(0x000000b39eb00000,0x000000b39ec00000) (1024K)]
  0x000001e99f206630 JavaThread "Unconstrained build operations Thread 18"        [_thread_blocked, id=23400, stack(0x000000b39ec00000,0x000000b39ed00000) (1024K)]
  0x000001e9a033f950 JavaThread "C2 CompilerThread1"         daemon [_thread_blocked, id=15444, stack(0x000000b39b500000,0x000000b39b600000) (1024K)]
  0x000001e9a14b8920 JavaThread "C2 CompilerThread2"         daemon [_thread_in_native, id=20116, stack(0x000000b39ed00000,0x000000b39ee00000) (1024K)]
Total: 60

Other Threads:
=>0x000001e997a4e380 VMThread "VM Thread"                           [id=21932, stack(0x000000b39aa00000,0x000000b39ab00000) (1024K)]
  0x000001e9979f83f0 WatcherThread "VM Periodic Task Thread"        [id=17084, stack(0x000000b39a900000,0x000000b39aa00000) (1024K)]
  0x000001e9fe22e060 WorkerThread "GC Thread#0"                     [id=13704, stack(0x000000b39a400000,0x000000b39a500000) (1024K)]
  0x000001e99c89ce30 WorkerThread "GC Thread#1"                     [id=3020, stack(0x000000b39b600000,0x000000b39b700000) (1024K)]
  0x000001e99c89d1d0 WorkerThread "GC Thread#2"                     [id=3796, stack(0x000000b39b700000,0x000000b39b800000) (1024K)]
  0x000001e99d1cf280 WorkerThread "GC Thread#3"                     [id=15676, stack(0x000000b39b800000,0x000000b39b900000) (1024K)]
  0x000001e99d18a2f0 WorkerThread "GC Thread#4"                     [id=3008, stack(0x000000b39b900000,0x000000b39ba00000) (1024K)]
  0x000001e99d0b8ba0 WorkerThread "GC Thread#5"                     [id=22372, stack(0x000000b39bc00000,0x000000b39bd00000) (1024K)]
  0x000001e99eb17110 WorkerThread "GC Thread#6"                     [id=23004, stack(0x000000b39bd00000,0x000000b39be00000) (1024K)]
  0x000001e99e404ec0 WorkerThread "GC Thread#7"                     [id=21396, stack(0x000000b39be00000,0x000000b39bf00000) (1024K)]
  0x000001e9ffee40c0 ConcurrentGCThread "G1 Main Marker"            [id=21920, stack(0x000000b39a500000,0x000000b39a600000) (1024K)]
  0x000001e9ffee4ad0 WorkerThread "G1 Conc#0"                       [id=23028, stack(0x000000b39a600000,0x000000b39a700000) (1024K)]
  0x000001e99e404040 WorkerThread "G1 Conc#1"                       [id=3700, stack(0x000000b39c200000,0x000000b39c300000) (1024K)]
  0x000001e9978cb830 ConcurrentGCThread "G1 Refine#0"               [id=15000, stack(0x000000b39a700000,0x000000b39a800000) (1024K)]
  0x000001e9978cd060 ConcurrentGCThread "G1 Service"                [id=10612, stack(0x000000b39a800000,0x000000b39a900000) (1024K)]
Total: 15

Threads with active compile tasks:
C2 CompilerThread0  16992 6904       4       org.objectweb.asm.ClassReader::accept (1419 bytes)
C2 CompilerThread1  16992 6908       4       org.objectweb.asm.MethodVisitor::visitLdcInsn (87 bytes)
C2 CompilerThread2  16993 6846       4       org.objectweb.asm.ClassReader::readCode (5117 bytes)
Total: 3

VM state: at safepoint (normal execution)

VM Mutex/Monitor currently owned by a thread:  ([mutex/lock_event])
[0x00007ffbb2e88690] Threads_lock - owner thread: 0x000001e997a4e380
[0x00007ffbb2e88790] Heap_lock - owner thread: 0x000001e99d80e430

Heap address: 0x0000000080000000, size: 2048 MB, Compressed Oops mode: 32-bit

CDS archive(s) not mapped
Compressed class space mapped at: 0x0000000100000000-0x0000000140000000, reserved size: 1073741824
Narrow klass base: 0x0000000000000000, Narrow klass shift: 3, Narrow klass range: 0x140000000

GC Precious Log:
 CardTable entry size: 512
 Card Set container configuration: InlinePtr #cards 5 size 8 Array Of Cards #cards 12 size 40 Howl #buckets 4 coarsen threshold 1843 Howl Bitmap #cards 512 size 80 coarsen threshold 460 Card regions per heap region 1 cards per card region 2048
 CPUs: 8 total, 8 available
 Memory: 7960M
 Large Page Support: Disabled
 NUMA Support: Disabled
 Compressed Oops: Enabled (32-bit)
 Heap Region Size: 1M
 Heap Min Capacity: 8M
 Heap Initial Capacity: 126M
 Heap Max Capacity: 2G
 Pre-touch: Disabled
 Parallel Workers: 8
 Concurrent Workers: 2
 Concurrent Refinement Workers: 8
 Periodic GC: Disabled

Heap:
 garbage-first heap   total 135168K, used 69988K [0x0000000080000000, 0x0000000100000000)
  region size 1024K, 3 young (3072K), 3 survivors (3072K)
 Metaspace       used 59919K, committed 61632K, reserved 1114112K
  class space    used 8433K, committed 9280K, reserved 1048576K

Heap Regions: E=young(eden), S=young(survivor), O=old, HS=humongous(starts), HC=humongous(continues), CS=collection set, F=free, TAMS=top-at-mark-start, PB=parsable bottom
|   0|0x0000000080000000, 0x0000000080100000, 0x0000000080100000|100%|HS|  |TAMS 0x0000000080000000| PB 0x0000000080000000| Complete 
|   1|0x0000000080100000, 0x0000000080200000, 0x0000000080200000|100%|HC|  |TAMS 0x0000000080100000| PB 0x0000000080100000| Complete 
|   2|0x0000000080200000, 0x0000000080300000, 0x0000000080300000|100%|HC|  |TAMS 0x0000000080200000| PB 0x0000000080200000| Complete 
|   3|0x0000000080300000, 0x0000000080400000, 0x0000000080400000|100%|HC|  |TAMS 0x0000000080300000| PB 0x0000000080300000| Complete 
|   4|0x0000000080400000, 0x0000000080500000, 0x0000000080500000|100%| O|  |TAMS 0x0000000080400000| PB 0x0000000080400000| Untracked 
|   5|0x0000000080500000, 0x0000000080600000, 0x0000000080600000|100%| O|  |TAMS 0x0000000080500000| PB 0x0000000080500000| Untracked 
|   6|0x0000000080600000, 0x0000000080700000, 0x0000000080700000|100%| O|  |TAMS 0x0000000080600000| PB 0x0000000080600000| Untracked 
|   7|0x0000000080700000, 0x0000000080800000, 0x0000000080800000|100%|HS|  |TAMS 0x0000000080700000| PB 0x0000000080700000| Complete 
|   8|0x0000000080800000, 0x0000000080900000, 0x0000000080900000|100%| O|  |TAMS 0x0000000080800000| PB 0x0000000080800000| Untracked 
|   9|0x0000000080900000, 0x0000000080a00000, 0x0000000080a00000|100%| O|  |TAMS 0x0000000080900000| PB 0x0000000080900000| Untracked 
|  10|0x0000000080a00000, 0x0000000080b00000, 0x0000000080b00000|100%| O|  |TAMS 0x0000000080a00000| PB 0x0000000080a00000| Untracked 
|  11|0x0000000080b00000, 0x0000000080c00000, 0x0000000080c00000|100%| O|  |TAMS 0x0000000080b00000| PB 0x0000000080b00000| Untracked 
|  12|0x0000000080c00000, 0x0000000080d00000, 0x0000000080d00000|100%| O|  |TAMS 0x0000000080c00000| PB 0x0000000080c00000| Untracked 
|  13|0x0000000080d00000, 0x0000000080e00000, 0x0000000080e00000|100%| O|  |TAMS 0x0000000080d00000| PB 0x0000000080d00000| Untracked 
|  14|0x0000000080e00000, 0x0000000080f00000, 0x0000000080f00000|100%| O|  |TAMS 0x0000000080e00000| PB 0x0000000080e00000| Untracked 
|  15|0x0000000080f00000, 0x0000000081000000, 0x0000000081000000|100%| O|  |TAMS 0x0000000080f00000| PB 0x0000000080f00000| Untracked 
|  16|0x0000000081000000, 0x0000000081100000, 0x0000000081100000|100%| O|  |TAMS 0x0000000081000000| PB 0x0000000081000000| Untracked 
|  17|0x0000000081100000, 0x0000000081200000, 0x0000000081200000|100%| O|  |TAMS 0x0000000081100000| PB 0x0000000081100000| Untracked 
|  18|0x0000000081200000, 0x0000000081300000, 0x0000000081300000|100%| O|  |TAMS 0x0000000081200000| PB 0x0000000081200000| Untracked 
|  19|0x0000000081300000, 0x0000000081400000, 0x0000000081400000|100%| O|  |TAMS 0x0000000081300000| PB 0x0000000081300000| Untracked 
|  20|0x0000000081400000, 0x0000000081500000, 0x0000000081500000|100%| O|  |TAMS 0x0000000081400000| PB 0x0000000081400000| Untracked 
|  21|0x0000000081500000, 0x0000000081600000, 0x0000000081600000|100%| O|  |TAMS 0x0000000081500000| PB 0x0000000081500000| Untracked 
|  22|0x0000000081600000, 0x0000000081700000, 0x0000000081700000|100%|HS|  |TAMS 0x0000000081600000| PB 0x0000000081600000| Complete 
|  23|0x0000000081700000, 0x0000000081800000, 0x0000000081800000|100%| O|  |TAMS 0x0000000081700000| PB 0x0000000081700000| Untracked 
|  24|0x0000000081800000, 0x0000000081900000, 0x0000000081900000|100%|HS|  |TAMS 0x0000000081800000| PB 0x0000000081800000| Complete 
|  25|0x0000000081900000, 0x0000000081a00000, 0x0000000081a00000|100%|HC|  |TAMS 0x0000000081900000| PB 0x0000000081900000| Complete 
|  26|0x0000000081a00000, 0x0000000081b00000, 0x0000000081b00000|100%|HC|  |TAMS 0x0000000081a00000| PB 0x0000000081a00000| Complete 
|  27|0x0000000081b00000, 0x0000000081c00000, 0x0000000081c00000|100%|HC|  |TAMS 0x0000000081b00000| PB 0x0000000081b00000| Complete 
|  28|0x0000000081c00000, 0x0000000081d00000, 0x0000000081d00000|100%|HC|  |TAMS 0x0000000081c00000| PB 0x0000000081c00000| Complete 
|  29|0x0000000081d00000, 0x0000000081e00000, 0x0000000081e00000|100%|HC|  |TAMS 0x0000000081d00000| PB 0x0000000081d00000| Complete 
|  30|0x0000000081e00000, 0x0000000081f00000, 0x0000000081f00000|100%|HS|  |TAMS 0x0000000081e00000| PB 0x0000000081e00000| Complete 
|  31|0x0000000081f00000, 0x0000000082000000, 0x0000000082000000|100%|HC|  |TAMS 0x0000000081f00000| PB 0x0000000081f00000| Complete 
|  32|0x0000000082000000, 0x0000000082100000, 0x0000000082100000|100%|HS|  |TAMS 0x0000000082000000| PB 0x0000000082000000| Complete 
|  33|0x0000000082100000, 0x0000000082200000, 0x0000000082200000|100%|HC|  |TAMS 0x0000000082100000| PB 0x0000000082100000| Complete 
|  34|0x0000000082200000, 0x0000000082300000, 0x0000000082300000|100%| O|  |TAMS 0x0000000082200000| PB 0x0000000082200000| Untracked 
|  35|0x0000000082300000, 0x0000000082400000, 0x0000000082400000|100%| O|  |TAMS 0x0000000082300000| PB 0x0000000082300000| Untracked 
|  36|0x0000000082400000, 0x0000000082500000, 0x0000000082500000|100%| O|  |TAMS 0x0000000082400000| PB 0x0000000082400000| Untracked 
|  37|0x0000000082500000, 0x0000000082600000, 0x0000000082600000|100%| O|  |TAMS 0x0000000082500000| PB 0x0000000082500000| Untracked 
|  38|0x0000000082600000, 0x0000000082700000, 0x0000000082700000|100%| O|  |TAMS 0x0000000082600000| PB 0x0000000082600000| Untracked 
|  39|0x0000000082700000, 0x0000000082800000, 0x0000000082800000|100%| O|  |TAMS 0x0000000082700000| PB 0x0000000082700000| Untracked 
|  40|0x0000000082800000, 0x0000000082900000, 0x0000000082900000|100%| O|  |TAMS 0x0000000082800000| PB 0x0000000082800000| Untracked 
|  41|0x0000000082900000, 0x0000000082a00000, 0x0000000082a00000|100%| O|  |TAMS 0x0000000082900000| PB 0x0000000082900000| Untracked 
|  42|0x0000000082a00000, 0x0000000082b00000, 0x0000000082b00000|100%| O|  |TAMS 0x0000000082a00000| PB 0x0000000082a00000| Untracked 
|  43|0x0000000082b00000, 0x0000000082c00000, 0x0000000082c00000|100%| O|  |TAMS 0x0000000082b00000| PB 0x0000000082b00000| Untracked 
|  44|0x0000000082c00000, 0x0000000082d00000, 0x0000000082d00000|100%| O|Cm|TAMS 0x0000000082c00000| PB 0x0000000082c00000| Complete 
|  45|0x0000000082d00000, 0x0000000082e00000, 0x0000000082e00000|100%|HS|  |TAMS 0x0000000082d00000| PB 0x0000000082d00000| Complete 
|  46|0x0000000082e00000, 0x0000000082f00000, 0x0000000082f00000|100%|HC|  |TAMS 0x0000000082e00000| PB 0x0000000082e00000| Complete 
|  47|0x0000000082f00000, 0x0000000082f00000, 0x0000000083000000|  0%| F|  |TAMS 0x0000000082f00000| PB 0x0000000082f00000| Untracked 
|  48|0x0000000083000000, 0x0000000083100000, 0x0000000083100000|100%| O|  |TAMS 0x0000000083000000| PB 0x0000000083000000| Untracked 
|  49|0x0000000083100000, 0x0000000083200000, 0x0000000083200000|100%| O|  |TAMS 0x0000000083100000| PB 0x0000000083100000| Untracked 
|  50|0x0000000083200000, 0x0000000083300000, 0x0000000083300000|100%| O|  |TAMS 0x0000000083200000| PB 0x0000000083200000| Untracked 
|  51|0x0000000083300000, 0x0000000083400000, 0x0000000083400000|100%| O|  |TAMS 0x0000000083300000| PB 0x0000000083300000| Untracked 
|  52|0x0000000083400000, 0x00000000834712c8, 0x0000000083500000| 44%| O|  |TAMS 0x0000000083400000| PB 0x0000000083400000| Untracked 
|  53|0x0000000083500000, 0x0000000083500000, 0x0000000083600000|  0%| F|  |TAMS 0x0000000083500000| PB 0x0000000083500000| Untracked 
|  54|0x0000000083600000, 0x0000000083600000, 0x0000000083700000|  0%| F|  |TAMS 0x0000000083600000| PB 0x0000000083600000| Untracked 
|  55|0x0000000083700000, 0x0000000083700000, 0x0000000083800000|  0%| F|  |TAMS 0x0000000083700000| PB 0x0000000083700000| Untracked 
|  56|0x0000000083800000, 0x00000000838e7dc8, 0x0000000083900000| 90%| S|CS|TAMS 0x0000000083800000| PB 0x0000000083800000| Complete 
|  57|0x0000000083900000, 0x0000000083a00000, 0x0000000083a00000|100%| O|  |TAMS 0x0000000083900000| PB 0x0000000083900000| Untracked 
|  58|0x0000000083a00000, 0x0000000083b00000, 0x0000000083b00000|100%| O|  |TAMS 0x0000000083a00000| PB 0x0000000083a00000| Untracked 
|  59|0x0000000083b00000, 0x0000000083c00000, 0x0000000083c00000|100%| O|  |TAMS 0x0000000083b00000| PB 0x0000000083b00000| Untracked 
|  60|0x0000000083c00000, 0x0000000083d00000, 0x0000000083d00000|100%| S|CS|TAMS 0x0000000083c00000| PB 0x0000000083c00000| Complete 
|  61|0x0000000083d00000, 0x0000000083d00000, 0x0000000083e00000|  0%| F|  |TAMS 0x0000000083d00000| PB 0x0000000083d00000| Untracked 
|  62|0x0000000083e00000, 0x0000000083f00000, 0x0000000083f00000|100%| S|CS|TAMS 0x0000000083e00000| PB 0x0000000083e00000| Complete 
|  63|0x0000000083f00000, 0x0000000083f00000, 0x0000000084000000|  0%| F|  |TAMS 0x0000000083f00000| PB 0x0000000083f00000| Untracked 
|  64|0x0000000084000000, 0x0000000084000000, 0x0000000084100000|  0%| F|  |TAMS 0x0000000084000000| PB 0x0000000084000000| Untracked 
|  65|0x0000000084100000, 0x0000000084100000, 0x0000000084200000|  0%| F|  |TAMS 0x0000000084100000| PB 0x0000000084100000| Untracked 
|  66|0x0000000084200000, 0x0000000084200000, 0x0000000084300000|  0%| F|  |TAMS 0x0000000084200000| PB 0x0000000084200000| Untracked 
|  67|0x0000000084300000, 0x0000000084300000, 0x0000000084400000|  0%| F|  |TAMS 0x0000000084300000| PB 0x0000000084300000| Untracked 
|  68|0x0000000084400000, 0x0000000084400000, 0x0000000084500000|  0%| F|  |TAMS 0x0000000084400000| PB 0x0000000084400000| Untracked 
|  69|0x0000000084500000, 0x0000000084500000, 0x0000000084600000|  0%| F|  |TAMS 0x0000000084500000| PB 0x0000000084500000| Untracked 
|  70|0x0000000084600000, 0x0000000084600000, 0x0000000084700000|  0%| F|  |TAMS 0x0000000084600000| PB 0x0000000084600000| Untracked 
|  71|0x0000000084700000, 0x0000000084700000, 0x0000000084800000|  0%| F|  |TAMS 0x0000000084700000| PB 0x0000000084700000| Untracked 
|  72|0x0000000084800000, 0x0000000084800000, 0x0000000084900000|  0%| F|  |TAMS 0x0000000084800000| PB 0x0000000084800000| Untracked 
|  73|0x0000000084900000, 0x0000000084900000, 0x0000000084a00000|  0%| F|  |TAMS 0x0000000084900000| PB 0x0000000084900000| Untracked 
|  74|0x0000000084a00000, 0x0000000084b00000, 0x0000000084b00000|100%|HS|  |TAMS 0x0000000084a00000| PB 0x0000000084a00000| Complete 
|  75|0x0000000084b00000, 0x0000000084c00000, 0x0000000084c00000|100%|HC|  |TAMS 0x0000000084b00000| PB 0x0000000084b00000| Complete 
|  76|0x0000000084c00000, 0x0000000084d00000, 0x0000000084d00000|100%|HC|  |TAMS 0x0000000084c00000| PB 0x0000000084c00000| Complete 
|  77|0x0000000084d00000, 0x0000000084e00000, 0x0000000084e00000|100%|HC|  |TAMS 0x0000000084d00000| PB 0x0000000084d00000| Complete 
|  78|0x0000000084e00000, 0x0000000084f00000, 0x0000000084f00000|100%|HC|  |TAMS 0x0000000084e00000| PB 0x0000000084e00000| Complete 
|  79|0x0000000084f00000, 0x0000000085000000, 0x0000000085000000|100%|HC|  |TAMS 0x0000000084f00000| PB 0x0000000084f00000| Complete 
|  80|0x0000000085000000, 0x0000000085100000, 0x0000000085100000|100%|HS|  |TAMS 0x0000000085000000| PB 0x0000000085000000| Complete 
|  81|0x0000000085100000, 0x0000000085100000, 0x0000000085200000|  0%| F|  |TAMS 0x0000000085100000| PB 0x0000000085100000| Untracked 
|  82|0x0000000085200000, 0x0000000085200000, 0x0000000085300000|  0%| F|  |TAMS 0x0000000085200000| PB 0x0000000085200000| Untracked 
|  83|0x0000000085300000, 0x0000000085300000, 0x0000000085400000|  0%| F|  |TAMS 0x0000000085300000| PB 0x0000000085300000| Untracked 
|  84|0x0000000085400000, 0x0000000085400000, 0x0000000085500000|  0%| F|  |TAMS 0x0000000085400000| PB 0x0000000085400000| Untracked 
|  85|0x0000000085500000, 0x0000000085500000, 0x0000000085600000|  0%| F|  |TAMS 0x0000000085500000| PB 0x0000000085500000| Untracked 
|  86|0x0000000085600000, 0x0000000085600000, 0x0000000085700000|  0%| F|  |TAMS 0x0000000085600000| PB 0x0000000085600000| Untracked 
|  87|0x0000000085700000, 0x0000000085700000, 0x0000000085800000|  0%| F|  |TAMS 0x0000000085700000| PB 0x0000000085700000| Untracked 
|  88|0x0000000085800000, 0x0000000085800000, 0x0000000085900000|  0%| F|  |TAMS 0x0000000085800000| PB 0x0000000085800000| Untracked 
|  89|0x0000000085900000, 0x0000000085900000, 0x0000000085a00000|  0%| F|  |TAMS 0x0000000085900000| PB 0x0000000085900000| Untracked 
|  90|0x0000000085a00000, 0x0000000085a00000, 0x0000000085b00000|  0%| F|  |TAMS 0x0000000085a00000| PB 0x0000000085a00000| Untracked 
|  91|0x0000000085b00000, 0x0000000085b00000, 0x0000000085c00000|  0%| F|  |TAMS 0x0000000085b00000| PB 0x0000000085b00000| Untracked 
|  92|0x0000000085c00000, 0x0000000085c00000, 0x0000000085d00000|  0%| F|  |TAMS 0x0000000085c00000| PB 0x0000000085c00000| Untracked 
|  93|0x0000000085d00000, 0x0000000085d00000, 0x0000000085e00000|  0%| F|  |TAMS 0x0000000085d00000| PB 0x0000000085d00000| Untracked 
|  94|0x0000000085e00000, 0x0000000085e00000, 0x0000000085f00000|  0%| F|  |TAMS 0x0000000085e00000| PB 0x0000000085e00000| Untracked 
|  95|0x0000000085f00000, 0x0000000085f00000, 0x0000000086000000|  0%| F|  |TAMS 0x0000000085f00000| PB 0x0000000085f00000| Untracked 
|  96|0x0000000086000000, 0x0000000086000000, 0x0000000086100000|  0%| F|  |TAMS 0x0000000086000000| PB 0x0000000086000000| Untracked 
|  97|0x0000000086100000, 0x0000000086100000, 0x0000000086200000|  0%| F|  |TAMS 0x0000000086100000| PB 0x0000000086100000| Untracked 
|  98|0x0000000086200000, 0x0000000086200000, 0x0000000086300000|  0%| F|  |TAMS 0x0000000086200000| PB 0x0000000086200000| Untracked 
|  99|0x0000000086300000, 0x0000000086300000, 0x0000000086400000|  0%| F|  |TAMS 0x0000000086300000| PB 0x0000000086300000| Untracked 
| 100|0x0000000086400000, 0x0000000086400000, 0x0000000086500000|  0%| F|  |TAMS 0x0000000086400000| PB 0x0000000086400000| Untracked 
| 101|0x0000000086500000, 0x0000000086500000, 0x0000000086600000|  0%| F|  |TAMS 0x0000000086500000| PB 0x0000000086500000| Untracked 
| 102|0x0000000086600000, 0x0000000086600000, 0x0000000086700000|  0%| F|  |TAMS 0x0000000086600000| PB 0x0000000086600000| Untracked 
| 103|0x0000000086700000, 0x0000000086700000, 0x0000000086800000|  0%| F|  |TAMS 0x0000000086700000| PB 0x0000000086700000| Untracked 
| 104|0x0000000086800000, 0x0000000086800000, 0x0000000086900000|  0%| F|  |TAMS 0x0000000086800000| PB 0x0000000086800000| Untracked 
| 105|0x0000000086900000, 0x0000000086900000, 0x0000000086a00000|  0%| F|  |TAMS 0x0000000086900000| PB 0x0000000086900000| Untracked 
| 106|0x0000000086a00000, 0x0000000086a00000, 0x0000000086b00000|  0%| F|  |TAMS 0x0000000086a00000| PB 0x0000000086a00000| Untracked 
| 107|0x0000000086b00000, 0x0000000086b00000, 0x0000000086c00000|  0%| F|  |TAMS 0x0000000086b00000| PB 0x0000000086b00000| Untracked 
| 108|0x0000000086c00000, 0x0000000086c00000, 0x0000000086d00000|  0%| F|  |TAMS 0x0000000086c00000| PB 0x0000000086c00000| Untracked 
| 109|0x0000000086d00000, 0x0000000086d00000, 0x0000000086e00000|  0%| F|  |TAMS 0x0000000086d00000| PB 0x0000000086d00000| Untracked 
| 110|0x0000000086e00000, 0x0000000086e00000, 0x0000000086f00000|  0%| F|  |TAMS 0x0000000086e00000| PB 0x0000000086e00000| Untracked 
| 111|0x0000000086f00000, 0x0000000086f00000, 0x0000000087000000|  0%| F|  |TAMS 0x0000000086f00000| PB 0x0000000086f00000| Untracked 
| 112|0x0000000087000000, 0x0000000087000000, 0x0000000087100000|  0%| F|  |TAMS 0x0000000087000000| PB 0x0000000087000000| Untracked 
| 113|0x0000000087100000, 0x0000000087100000, 0x0000000087200000|  0%| F|  |TAMS 0x0000000087100000| PB 0x0000000087100000| Untracked 
| 114|0x0000000087200000, 0x0000000087200000, 0x0000000087300000|  0%| F|  |TAMS 0x0000000087200000| PB 0x0000000087200000| Untracked 
| 115|0x0000000087300000, 0x0000000087300000, 0x0000000087400000|  0%| F|  |TAMS 0x0000000087300000| PB 0x0000000087300000| Untracked 
| 116|0x0000000087400000, 0x0000000087400000, 0x0000000087500000|  0%| F|  |TAMS 0x0000000087400000| PB 0x0000000087400000| Untracked 
| 117|0x0000000087500000, 0x0000000087500000, 0x0000000087600000|  0%| F|  |TAMS 0x0000000087500000| PB 0x0000000087500000| Untracked 
| 118|0x0000000087600000, 0x0000000087600000, 0x0000000087700000|  0%| F|  |TAMS 0x0000000087600000| PB 0x0000000087600000| Untracked 
| 119|0x0000000087700000, 0x0000000087700000, 0x0000000087800000|  0%| F|  |TAMS 0x0000000087700000| PB 0x0000000087700000| Untracked 
| 120|0x0000000087800000, 0x0000000087800000, 0x0000000087900000|  0%| F|  |TAMS 0x0000000087800000| PB 0x0000000087800000| Untracked 
| 121|0x0000000087900000, 0x0000000087900000, 0x0000000087a00000|  0%| F|  |TAMS 0x0000000087900000| PB 0x0000000087900000| Untracked 
| 122|0x0000000087a00000, 0x0000000087a00000, 0x0000000087b00000|  0%| F|  |TAMS 0x0000000087a00000| PB 0x0000000087a00000| Untracked 
| 123|0x0000000087b00000, 0x0000000087b00000, 0x0000000087c00000|  0%| F|  |TAMS 0x0000000087b00000| PB 0x0000000087b00000| Untracked 
| 124|0x0000000087c00000, 0x0000000087c00000, 0x0000000087d00000|  0%| F|  |TAMS 0x0000000087c00000| PB 0x0000000087c00000| Untracked 
| 125|0x0000000087d00000, 0x0000000087d00000, 0x0000000087e00000|  0%| F|  |TAMS 0x0000000087d00000| PB 0x0000000087d00000| Untracked 
|2042|0x00000000ffa00000, 0x00000000ffa00000, 0x00000000ffb00000|  0%| F|  |TAMS 0x00000000ffa00000| PB 0x00000000ffa00000| Untracked 
|2043|0x00000000ffb00000, 0x00000000ffc00000, 0x00000000ffc00000|100%| O|  |TAMS 0x00000000ffb00000| PB 0x00000000ffb00000| Untracked 
|2044|0x00000000ffc00000, 0x00000000ffc00000, 0x00000000ffd00000|  0%| F|  |TAMS 0x00000000ffc00000| PB 0x00000000ffc00000| Untracked 
|2045|0x00000000ffd00000, 0x00000000ffe00000, 0x00000000ffe00000|100%| O|  |TAMS 0x00000000ffd00000| PB 0x00000000ffd00000| Untracked 
|2046|0x00000000ffe00000, 0x00000000fff00000, 0x00000000fff00000|100%| O|  |TAMS 0x00000000ffe00000| PB 0x00000000ffe00000| Untracked 
|2047|0x00000000fff00000, 0x0000000100000000, 0x0000000100000000|100%| O|  |TAMS 0x00000000fff00000| PB 0x00000000fff00000| Untracked 

Card table byte_map: [0x000001e992f00000,0x000001e993300000] _byte_map_base: 0x000001e992b00000

Marking Bits: (CMBitMap*) 0x000001e9fe22e670
 Bits: [0x000001e993300000, 0x000001e995300000)

Polling page: 0x000001e9fe440000

Metaspace:

Usage:
  Non-class:     50.28 MB used.
      Class:      8.24 MB used.
       Both:     58.52 MB used.

Virtual space:
  Non-class space:       64.00 MB reserved,      51.12 MB ( 80%) committed,  1 nodes.
      Class space:        1.00 GB reserved,       9.06 MB ( <1%) committed,  1 nodes.
             Both:        1.06 GB reserved,      60.19 MB (  6%) committed. 

Chunk freelists:
   Non-Class:  12.81 MB
       Class:  6.78 MB
        Both:  19.59 MB

MaxMetaspaceSize: unlimited
CompressedClassSpaceSize: 1.00 GB
Initial GC threshold: 21.00 MB
Current GC threshold: 100.31 MB
CDS: off
 - commit_granule_bytes: 65536.
 - commit_granule_words: 8192.
 - virtual_space_node_default_size: 8388608.
 - enlarge_chunks_in_place: 1.
 - use_allocation_guard: 0.


Internal statistics:

num_allocs_failed_limit: 6.
num_arena_births: 3234.
num_arena_deaths: 0.
num_vsnodes_births: 2.
num_vsnodes_deaths: 0.
num_space_committed: 963.
num_space_uncommitted: 0.
num_chunks_returned_to_freelist: 6.
num_chunks_taken_from_freelist: 5777.
num_chunk_merges: 3.
num_chunk_splits: 3689.
num_chunks_enlarged: 2183.
num_inconsistent_stats: 0.

CodeHeap 'non-profiled nmethods': size=120000Kb used=3993Kb max_used=4087Kb free=116006Kb
 bounds [0x000001e98ab70000, 0x000001e98af70000, 0x000001e9920a0000]
CodeHeap 'profiled nmethods': size=120000Kb used=10416Kb max_used=11340Kb free=109583Kb
 bounds [0x000001e9830a0000, 0x000001e983bc0000, 0x000001e98a5d0000]
CodeHeap 'non-nmethods': size=5760Kb used=2033Kb max_used=2106Kb free=3726Kb
 bounds [0x000001e98a5d0000, 0x000001e98a840000, 0x000001e98ab70000]
CodeCache: size=245760Kb, used=16442Kb, max_used=17533Kb, free=229315Kb
 total_blobs=6395, nmethods=5649, adapters=650, full_count=0
Compilation: enabled, stopped_count=0, restarted_count=0

Compilation events (20 events):
Event: 16.623 Thread 0x000001e9a033f950 nmethod 6893 0x000001e98ac81790 code [0x000001e98ac819a0, 0x000001e98ac821d0]
Event: 16.623 Thread 0x000001e99c0d3e60 nmethod 6894 0x000001e98ac16e90 code [0x000001e98ac170a0, 0x000001e98ac178e0]
Event: 16.623 Thread 0x000001e9a033f950 6895       4       org.apache.commons.compress.archivers.zip.ZipLong::getBytes (12 bytes)
Event: 16.623 Thread 0x000001e99c0d3e60 6896       4       org.apache.commons.compress.archivers.zip.NioZipEncoding::newEncoder (53 bytes)
Event: 16.627 Thread 0x000001e9a033f950 nmethod 6895 0x000001e98addb510 code [0x000001e98addb6a0, 0x000001e98addb7e0]
Event: 16.635 Thread 0x000001e9a033f950 6897       4       org.objectweb.asm.AnnotationWriter::putAnnotations (110 bytes)
Event: 16.648 Thread 0x000001e99c0d3e60 nmethod 6896 0x000001e98ac89790 code [0x000001e98ac899c0, 0x000001e98ac8a4c8]
Event: 16.648 Thread 0x000001e99c0d3e60 6898       4       org.objectweb.asm.Frame::putAbstractType (407 bytes)
Event: 16.664 Thread 0x000001e9a033f950 nmethod 6897 0x000001e98aeb5490 code [0x000001e98aeb5680, 0x000001e98aeb5e18]
Event: 16.664 Thread 0x000001e9a033f950 6901       4       org.objectweb.asm.ClassReader::readStackMapFrame (535 bytes)
Event: 16.700 Thread 0x000001e99c0d3e60 nmethod 6898 0x000001e98aec2390 code [0x000001e98aec26c0, 0x000001e98aec3368]
Event: 16.700 Thread 0x000001e99c0d3e60 6904       4       org.objectweb.asm.ClassReader::accept (1419 bytes)
Event: 16.798 Thread 0x000001e99c0d6d30 6911       3       org.objectweb.asm.FieldWriter::visitTypeAnnotation (45 bytes)
Event: 16.799 Thread 0x000001e99c0d6d30 nmethod 6911 0x000001e983122f10 code [0x000001e9831230e0, 0x000001e983123370]
Event: 16.812 Thread 0x000001e9a033f950 nmethod 6901 0x000001e98abc9d10 code [0x000001e98abca120, 0x000001e98abccda0]
Event: 16.812 Thread 0x000001e9a033f950 6900       4       org.objectweb.asm.ClassReader::readElementValues (88 bytes)
Event: 16.823 Thread 0x000001e9a033f950 nmethod 6900 0x000001e98ac79e10 code [0x000001e98ac7a000, 0x000001e98ac7a438]
Event: 16.823 Thread 0x000001e9a033f950 6909       4       org.apache.commons.compress.archivers.zip.ZipShort::putShort (9 bytes)
Event: 16.826 Thread 0x000001e9a033f950 nmethod 6909 0x000001e98ab7e890 code [0x000001e98ab7ea20, 0x000001e98ab7ead8]
Event: 16.826 Thread 0x000001e9a033f950 6908       4       org.objectweb.asm.MethodVisitor::visitLdcInsn (87 bytes)

GC Heap History (20 events):
Event: 11.174 GC heap after
{Heap after GC invocations=13 (full 0):
 garbage-first heap   total 118784K, used 59147K [0x0000000080000000, 0x0000000100000000)
  region size 1024K, 6 young (6144K), 6 survivors (6144K)
 Metaspace       used 50342K, committed 51648K, reserved 1114112K
  class space    used 6970K, committed 7616K, reserved 1048576K
}
Event: 12.137 GC heap before
{Heap before GC invocations=14 (full 0):
 garbage-first heap   total 118784K, used 103179K [0x0000000080000000, 0x0000000100000000)
  region size 1024K, 49 young (50176K), 6 survivors (6144K)
 Metaspace       used 55588K, committed 57152K, reserved 1114112K
  class space    used 7837K, committed 8576K, reserved 1048576K
}
Event: 12.145 GC heap after
{Heap after GC invocations=15 (full 0):
 garbage-first heap   total 118784K, used 61929K [0x0000000080000000, 0x0000000100000000)
  region size 1024K, 3 young (3072K), 3 survivors (3072K)
 Metaspace       used 55588K, committed 57152K, reserved 1114112K
  class space    used 7837K, committed 8576K, reserved 1048576K
}
Event: 13.265 GC heap before
{Heap before GC invocations=15 (full 0):
 garbage-first heap   total 118784K, used 108009K [0x0000000080000000, 0x0000000100000000)
  region size 1024K, 46 young (47104K), 3 survivors (3072K)
 Metaspace       used 57676K, committed 59328K, reserved 1114112K
  class space    used 8177K, committed 8960K, reserved 1048576K
}
Event: 13.270 GC heap after
{Heap after GC invocations=16 (full 0):
 garbage-first heap   total 118784K, used 67562K [0x0000000080000000, 0x0000000100000000)
  region size 1024K, 6 young (6144K), 6 survivors (6144K)
 Metaspace       used 57676K, committed 59328K, reserved 1114112K
  class space    used 8177K, committed 8960K, reserved 1048576K
}
Event: 13.563 GC heap before
{Heap before GC invocations=16 (full 0):
 garbage-first heap   total 118784K, used 106474K [0x0000000080000000, 0x0000000100000000)
  region size 1024K, 44 young (45056K), 6 survivors (6144K)
 Metaspace       used 58993K, committed 60736K, reserved 1114112K
  class space    used 8350K, committed 9216K, reserved 1048576K
}
Event: 13.568 GC heap after
{Heap after GC invocations=17 (full 0):
 garbage-first heap   total 118784K, used 69192K [0x0000000080000000, 0x0000000100000000)
  region size 1024K, 2 young (2048K), 2 survivors (2048K)
 Metaspace       used 58993K, committed 60736K, reserved 1114112K
  class space    used 8350K, committed 9216K, reserved 1048576K
}
Event: 14.260 GC heap before
{Heap before GC invocations=18 (full 0):
 garbage-first heap   total 118784K, used 107080K [0x0000000080000000, 0x0000000100000000)
  region size 1024K, 40 young (40960K), 2 survivors (2048K)
 Metaspace       used 59804K, committed 61568K, reserved 1114112K
  class space    used 8433K, committed 9280K, reserved 1048576K
}
Event: 14.265 GC heap after
{Heap after GC invocations=19 (full 0):
 garbage-first heap   total 118784K, used 69118K [0x0000000080000000, 0x0000000100000000)
  region size 1024K, 2 young (2048K), 2 survivors (2048K)
 Metaspace       used 59804K, committed 61568K, reserved 1114112K
  class space    used 8433K, committed 9280K, reserved 1048576K
}
Event: 14.701 GC heap before
{Heap before GC invocations=19 (full 0):
 garbage-first heap   total 118784K, used 109054K [0x0000000080000000, 0x0000000100000000)
  region size 1024K, 41 young (41984K), 2 survivors (2048K)
 Metaspace       used 59886K, committed 61632K, reserved 1114112K
  class space    used 8433K, committed 9280K, reserved 1048576K
}
Event: 14.704 GC heap after
{Heap after GC invocations=20 (full 0):
 garbage-first heap   total 118784K, used 69164K [0x0000000080000000, 0x0000000100000000)
  region size 1024K, 2 young (2048K), 2 survivors (2048K)
 Metaspace       used 59886K, committed 61632K, reserved 1114112K
  class space    used 8433K, committed 9280K, reserved 1048576K
}
Event: 15.004 GC heap before
{Heap before GC invocations=20 (full 0):
 garbage-first heap   total 118784K, used 111148K [0x0000000080000000, 0x0000000100000000)
  region size 1024K, 43 young (44032K), 2 survivors (2048K)
 Metaspace       used 59909K, committed 61632K, reserved 1114112K
  class space    used 8433K, committed 9280K, reserved 1048576K
}
Event: 15.007 GC heap after
{Heap after GC invocations=21 (full 0):
 garbage-first heap   total 118784K, used 69407K [0x0000000080000000, 0x0000000100000000)
  region size 1024K, 3 young (3072K), 3 survivors (3072K)
 Metaspace       used 59909K, committed 61632K, reserved 1114112K
  class space    used 8433K, committed 9280K, reserved 1048576K
}
Event: 15.549 GC heap before
{Heap before GC invocations=22 (full 0):
 garbage-first heap   total 118784K, used 110367K [0x0000000080000000, 0x0000000100000000)
  region size 1024K, 43 young (44032K), 3 survivors (3072K)
 Metaspace       used 59915K, committed 61632K, reserved 1114112K
  class space    used 8433K, committed 9280K, reserved 1048576K
}
Event: 15.552 GC heap after
{Heap after GC invocations=23 (full 0):
 garbage-first heap   total 118784K, used 69516K [0x0000000080000000, 0x0000000100000000)
  region size 1024K, 3 young (3072K), 3 survivors (3072K)
 Metaspace       used 59915K, committed 61632K, reserved 1114112K
  class space    used 8433K, committed 9280K, reserved 1048576K
}
Event: 16.011 GC heap before
{Heap before GC invocations=23 (full 0):
 garbage-first heap   total 118784K, used 110476K [0x0000000080000000, 0x0000000100000000)
  region size 1024K, 43 young (44032K), 3 survivors (3072K)
 Metaspace       used 59918K, committed 61632K, reserved 1114112K
  class space    used 8433K, committed 9280K, reserved 1048576K
}
Event: 16.019 GC heap after
{Heap after GC invocations=24 (full 0):
 garbage-first heap   total 118784K, used 69635K [0x0000000080000000, 0x0000000100000000)
  region size 1024K, 3 young (3072K), 3 survivors (3072K)
 Metaspace       used 59918K, committed 61632K, reserved 1114112K
  class space    used 8433K, committed 9280K, reserved 1048576K
}
Event: 16.532 GC heap before
{Heap before GC invocations=24 (full 0):
 garbage-first heap   total 118784K, used 110595K [0x0000000080000000, 0x0000000100000000)
  region size 1024K, 43 young (44032K), 3 survivors (3072K)
 Metaspace       used 59919K, committed 61632K, reserved 1114112K
  class space    used 8433K, committed 9280K, reserved 1048576K
}
Event: 16.536 GC heap after
{Heap after GC invocations=25 (full 0):
 garbage-first heap   total 118784K, used 69867K [0x0000000080000000, 0x0000000100000000)
  region size 1024K, 3 young (3072K), 3 survivors (3072K)
 Metaspace       used 59919K, committed 61632K, reserved 1114112K
  class space    used 8433K, committed 9280K, reserved 1048576K
}
Event: 16.910 GC heap before
{Heap before GC invocations=26 (full 0):
 garbage-first heap   total 118784K, used 110827K [0x0000000080000000, 0x0000000100000000)
  region size 1024K, 43 young (44032K), 3 survivors (3072K)
 Metaspace       used 59919K, committed 61632K, reserved 1114112K
  class space    used 8433K, committed 9280K, reserved 1048576K
}

Dll operation events (3 events):
Event: 0.054 Loaded shared library C:\Program Files\Android\Android Studio\jbr\bin\java.dll
Event: 0.070 Loaded shared library C:\Program Files\Android\Android Studio\jbr\bin\zip.dll
Event: 0.768 Loaded shared library C:\Program Files\Android\Android Studio\jbr\bin\verify.dll

Deoptimization events (20 events):
Event: 16.167 Thread 0x000001e99d80e430 DEOPT PACKING pc=0x000001e98ad0f038 sp=0x000000b39c4f65b0
Event: 16.167 Thread 0x000001e99d80e430 DEOPT UNPACKING pc=0x000001e98a627aa2 sp=0x000000b39c4f6588 mode 2
Event: 16.197 Thread 0x000001e99d80e430 DEOPT PACKING pc=0x000001e983b0f432 sp=0x000000b39c4f6650
Event: 16.197 Thread 0x000001e99d80e430 DEOPT UNPACKING pc=0x000001e98a6285e2 sp=0x000000b39c4f5d60 mode 0
Event: 16.421 Thread 0x000001e99d80e430 DEOPT PACKING pc=0x000001e983b0f432 sp=0x000000b39c4f6740
Event: 16.421 Thread 0x000001e99d80e430 DEOPT UNPACKING pc=0x000001e98a6285e2 sp=0x000000b39c4f5e50 mode 0
Event: 16.542 Thread 0x000001e99d80e430 DEOPT PACKING pc=0x000001e983b0f432 sp=0x000000b39c4f6740
Event: 16.542 Thread 0x000001e99d80e430 DEOPT UNPACKING pc=0x000001e98a6285e2 sp=0x000000b39c4f5e50 mode 0
Event: 16.559 Thread 0x000001e99d80e430 DEOPT PACKING pc=0x000001e983b0f432 sp=0x000000b39c4f6740
Event: 16.559 Thread 0x000001e99d80e430 DEOPT UNPACKING pc=0x000001e98a6285e2 sp=0x000000b39c4f5e50 mode 0
Event: 16.635 Thread 0x000001e99d80e430 DEOPT PACKING pc=0x000001e983b0f432 sp=0x000000b39c4f6740
Event: 16.635 Thread 0x000001e99d80e430 DEOPT UNPACKING pc=0x000001e98a6285e2 sp=0x000000b39c4f5e50 mode 0
Event: 16.658 Thread 0x000001e99d80e430 DEOPT PACKING pc=0x000001e983b0f432 sp=0x000000b39c4f6740
Event: 16.658 Thread 0x000001e99d80e430 DEOPT UNPACKING pc=0x000001e98a6285e2 sp=0x000000b39c4f5e50 mode 0
Event: 16.676 Thread 0x000001e99d80e430 DEOPT PACKING pc=0x000001e983b0f432 sp=0x000000b39c4f6740
Event: 16.676 Thread 0x000001e99d80e430 DEOPT UNPACKING pc=0x000001e98a6285e2 sp=0x000000b39c4f5e50 mode 0
Event: 16.702 Thread 0x000001e99d80e430 DEOPT PACKING pc=0x000001e983b0f432 sp=0x000000b39c4f6740
Event: 16.702 Thread 0x000001e99d80e430 DEOPT UNPACKING pc=0x000001e98a6285e2 sp=0x000000b39c4f5e50 mode 0
Event: 16.724 Thread 0x000001e99d80e430 DEOPT PACKING pc=0x000001e983b0f432 sp=0x000000b39c4f6740
Event: 16.724 Thread 0x000001e99d80e430 DEOPT UNPACKING pc=0x000001e98a6285e2 sp=0x000000b39c4f5e50 mode 0

Classes loaded (20 events):
Event: 13.248 Loading class java/lang/invoke/BoundMethodHandle$Species_LLLILL
Event: 13.248 Loading class java/lang/invoke/BoundMethodHandle$Species_LLLILL done
Event: 13.424 Loading class java/util/Collections$SynchronizedRandomAccessList
Event: 13.424 Loading class java/util/Collections$SynchronizedList
Event: 13.424 Loading class java/util/Collections$SynchronizedList done
Event: 13.424 Loading class java/util/Collections$SynchronizedRandomAccessList done
Event: 13.648 Loading class sun/nio/ch/ChannelOutputStream
Event: 13.648 Loading class sun/nio/ch/ChannelOutputStream done
Event: 13.649 Loading class java/nio/charset/UnsupportedCharsetException
Event: 13.649 Loading class java/nio/charset/UnsupportedCharsetException done
Event: 13.651 Loading class java/util/Collections$UnmodifiableSortedMap
Event: 13.651 Loading class java/util/Collections$UnmodifiableSortedMap done
Event: 13.652 Loading class java/util/zip/Deflater
Event: 13.653 Loading class java/util/zip/Deflater done
Event: 13.654 Loading class java/util/zip/Deflater$DeflaterZStreamRef
Event: 13.654 Loading class java/util/zip/Deflater$DeflaterZStreamRef done
Event: 13.662 Loading class java/util/zip/ZipFile$ZipEntryIterator
Event: 13.662 Loading class java/util/zip/ZipFile$ZipEntryIterator done
Event: 13.712 Loading class java/nio/StringCharBuffer
Event: 13.713 Loading class java/nio/StringCharBuffer done

Classes unloaded (0 events):
No events

Classes redefined (0 events):
No events

Internal exceptions (20 events):
Event: 13.407 Thread 0x000001e99d80e430 Exception <a 'java/lang/IncompatibleClassChangeError'{0x0000000086767130}: Found class java.lang.Object, but interface was expected> (0x0000000086767130) 
thrown [s\src\hotspot\share\interpreter\linkResolver.cpp, line 851]
Event: 13.411 Thread 0x000001e99d80e430 Exception <a 'sun/nio/fs/WindowsException'{0x000000008678be00}> (0x000000008678be00) 
thrown [s\src\hotspot\share\prims\jni.cpp, line 537]
Event: 13.413 Thread 0x000001e99d80e430 Exception <a 'sun/nio/fs/WindowsException'{0x000000008678d8f0}> (0x000000008678d8f0) 
thrown [s\src\hotspot\share\prims\jni.cpp, line 537]
Event: 13.414 Thread 0x000001e99d80e430 Exception <a 'sun/nio/fs/WindowsException'{0x000000008678f3a0}> (0x000000008678f3a0) 
thrown [s\src\hotspot\share\prims\jni.cpp, line 537]
Event: 13.416 Thread 0x000001e99d80e430 Exception <a 'sun/nio/fs/WindowsException'{0x0000000086790a68}> (0x0000000086790a68) 
thrown [s\src\hotspot\share\prims\jni.cpp, line 537]
Event: 13.418 Thread 0x000001e99d80e430 Exception <a 'java/lang/NoSuchMethodError'{0x00000000867aaa48}: 'java.lang.Object java.lang.invoke.Invokers$Holder.invoker(java.lang.Object, java.lang.Object, java.lang.Object, java.lang.Object, java.lang.Object, java.lang.Object)'> (0x00000000867aaa48) 
thrown [s\src\hotspot\share\interpreter\linkResolver.cpp, line 784]
Event: 13.429 Thread 0x000001e99d80e430 Exception <a 'sun/nio/fs/WindowsException'{0x00000000866343f0}> (0x00000000866343f0) 
thrown [s\src\hotspot\share\prims\jni.cpp, line 537]
Event: 13.432 Thread 0x000001e99d80e430 Exception <a 'java/lang/NoSuchMethodError'{0x000000008663e990}: 'java.lang.Object java.lang.invoke.DirectMethodHandle$Holder.invokeSpecial(java.lang.Object, java.lang.Object, java.lang.Object, java.lang.Object, java.lang.Object, java.lang.Object, java.lang.Object, java.lang.Object, java.lang.Object, java.lang.Object, java.lang.Object, java.lang.Object, java.lang.Object, java.lang.Object, java.lang.Object, java.lang.Object, java.lang.Object, java.lang.Object, java.lang.Object, java.lang.Object, java.lang.Ob
Event: 13.432 Thread 0x000001e99d80e430 Exception <a 'java/lang/NoSuchMethodError'{0x0000000086644f58}: 'java.lang.Object java.lang.invoke.DelegatingMethodHandle$Holder.reinvoke_L(java.lang.Object, java.lang.Object, java.lang.Object, java.lang.Object, java.lang.Object, java.lang.Object, java.lang.Object, java.lang.Object, java.lang.Object, java.lang.Object, java.lang.Object, java.lang.Object, java.lang.Object, java.lang.Object, java.lang.Object, java.lang.Object, java.lang.Object, java.lang.Object, java.lang.Object, java.lang.Object, java.lang.O
Event: 13.433 Thread 0x000001e99d80e430 Exception <a 'java/lang/NoSuchMethodError'{0x0000000086650300}: 'java.lang.Object java.lang.invoke.Invokers$Holder.invoker(java.lang.Object, java.lang.Object, java.lang.Object, java.lang.Object, java.lang.Object, java.lang.Object, java.lang.Object, java.lang.Object, java.lang.Object, java.lang.Object, java.lang.Object, java.lang.Object, java.lang.Object, java.lang.Object, java.lang.Object, java.lang.Object, java.lang.Object, java.lang.Object, java.lang.Object, java.lang.Object, java.lang.Object, java.lang.
Event: 13.433 Thread 0x000001e99d80e430 Exception <a 'java/lang/NoSuchMethodError'{0x0000000086656ec8}: 'java.lang.Object java.lang.invoke.DelegatingMethodHandle$Holder.delegate(java.lang.Object, java.lang.Object, java.lang.Object, java.lang.Object, java.lang.Object, java.lang.Object, java.lang.Object, java.lang.Object, java.lang.Object, java.lang.Object, java.lang.Object, java.lang.Object, java.lang.Object, java.lang.Object, java.lang.Object, java.lang.Object, java.lang.Object, java.lang.Object, java.lang.Object, java.lang.Object, java.lang.Obj
Event: 13.445 Thread 0x000001e99d80e430 Exception <a 'sun/nio/fs/WindowsException'{0x000000008658d768}> (0x000000008658d768) 
thrown [s\src\hotspot\share\prims\jni.cpp, line 537]
Event: 13.472 Thread 0x000001e99d80e430 Exception <a 'java/lang/NoSuchMethodError'{0x00000000864b3e50}: 'java.lang.Object java.lang.invoke.DirectMethodHandle$Holder.newInvokeSpecial(java.lang.Object, java.lang.Object, java.lang.Object, java.lang.Object, java.lang.Object, java.lang.Object, int)'> (0x00000000864b3e50) 
thrown [s\src\hotspot\share\interpreter\linkResolver.cpp, line 784]
Event: 13.472 Thread 0x000001e99d80e430 Exception <a 'java/lang/NoSuchMethodError'{0x00000000864b8d00}: 'java.lang.Object java.lang.invoke.DirectMethodHandle$Holder.invokeSpecial(java.lang.Object, java.lang.Object, java.lang.Object, java.lang.Object, java.lang.Object, java.lang.Object, java.lang.Object, int)'> (0x00000000864b8d00) 
thrown [s\src\hotspot\share\interpreter\linkResolver.cpp, line 784]
Event: 13.472 Thread 0x000001e99d80e430 Exception <a 'java/lang/NoSuchMethodError'{0x00000000864bd170}: 'java.lang.Object java.lang.invoke.Invokers$Holder.linkToTargetMethod(java.lang.Object, java.lang.Object, java.lang.Object, java.lang.Object, java.lang.Object, int, java.lang.Object)'> (0x00000000864bd170) 
thrown [s\src\hotspot\share\interpreter\linkResolver.cpp, line 784]
Event: 13.597 Thread 0x000001e99d80e430 Exception <a 'sun/nio/fs/WindowsException'{0x00000000876f4cd8}> (0x00000000876f4cd8) 
thrown [s\src\hotspot\share\prims\jni.cpp, line 537]
Event: 13.624 Thread 0x000001e99d80e430 Exception <a 'sun/nio/fs/WindowsException'{0x00000000875e57a0}> (0x00000000875e57a0) 
thrown [s\src\hotspot\share\prims\jni.cpp, line 537]
Event: 13.628 Thread 0x000001e99d80e430 Exception <a 'sun/nio/fs/WindowsException'{0x00000000875e7678}> (0x00000000875e7678) 
thrown [s\src\hotspot\share\prims\jni.cpp, line 537]
Event: 13.629 Thread 0x000001e99d80e430 Exception <a 'sun/nio/fs/WindowsException'{0x00000000875e8fa0}> (0x00000000875e8fa0) 
thrown [s\src\hotspot\share\prims\jni.cpp, line 537]
Event: 13.664 Thread 0x000001e99d80e430 Implicit null exception at 0x000001e98ac7936e to 0x000001e98ac79f20

ZGC Phase Switch (0 events):
No events

VM Operations (20 events):
Event: 14.265 Executing VM operation: G1CollectForAllocation (G1 Evacuation Pause) done
Event: 14.701 Executing VM operation: G1CollectForAllocation (G1 Evacuation Pause)
Event: 14.704 Executing VM operation: G1CollectForAllocation (G1 Evacuation Pause) done
Event: 15.003 Executing VM operation: G1CollectForAllocation (G1 Evacuation Pause)
Event: 15.007 Executing VM operation: G1CollectForAllocation (G1 Evacuation Pause) done
Event: 15.094 Executing VM operation: G1PauseRemark
Event: 15.105 Executing VM operation: G1PauseRemark done
Event: 15.179 Executing VM operation: G1PauseCleanup
Event: 15.192 Executing VM operation: G1PauseCleanup done
Event: 15.549 Executing VM operation: G1CollectForAllocation (G1 Evacuation Pause)
Event: 15.553 Executing VM operation: G1CollectForAllocation (G1 Evacuation Pause) done
Event: 16.010 Executing VM operation: G1CollectForAllocation (G1 Evacuation Pause)
Event: 16.019 Executing VM operation: G1CollectForAllocation (G1 Evacuation Pause) done
Event: 16.532 Executing VM operation: G1CollectForAllocation (G1 Evacuation Pause)
Event: 16.536 Executing VM operation: G1CollectForAllocation (G1 Evacuation Pause) done
Event: 16.617 Executing VM operation: G1PauseRemark
Event: 16.622 Executing VM operation: G1PauseRemark done
Event: 16.663 Executing VM operation: G1PauseCleanup
Event: 16.663 Executing VM operation: G1PauseCleanup done
Event: 16.910 Executing VM operation: G1CollectForAllocation (G1 Evacuation Pause)

Memory protections (0 events):
No events

Nmethod flushes (20 events):
Event: 16.621 Thread 0x000001e997a4e380 flushing  nmethod 0x000001e983192d10
Event: 16.621 Thread 0x000001e997a4e380 flushing  nmethod 0x000001e983197690
Event: 16.621 Thread 0x000001e997a4e380 flushing  nmethod 0x000001e983256010
Event: 16.621 Thread 0x000001e997a4e380 flushing  nmethod 0x000001e983257d10
Event: 16.621 Thread 0x000001e997a4e380 flushing  nmethod 0x000001e983259a10
Event: 16.621 Thread 0x000001e997a4e380 flushing  nmethod 0x000001e983298410
Event: 16.621 Thread 0x000001e997a4e380 flushing  nmethod 0x000001e9832e8090
Event: 16.621 Thread 0x000001e997a4e380 flushing  nmethod 0x000001e9833aad10
Event: 16.621 Thread 0x000001e997a4e380 flushing  nmethod 0x000001e983498010
Event: 16.621 Thread 0x000001e997a4e380 flushing  nmethod 0x000001e98349f690
Event: 16.621 Thread 0x000001e997a4e380 flushing  nmethod 0x000001e983708e10
Event: 16.621 Thread 0x000001e997a4e380 flushing  nmethod 0x000001e983709210
Event: 16.621 Thread 0x000001e997a4e380 flushing  nmethod 0x000001e98363c110
Event: 16.621 Thread 0x000001e997a4e380 flushing  nmethod 0x000001e983641210
Event: 16.621 Thread 0x000001e997a4e380 flushing  nmethod 0x000001e983641c90
Event: 16.621 Thread 0x000001e997a4e380 flushing  nmethod 0x000001e983642690
Event: 16.621 Thread 0x000001e997a4e380 flushing  nmethod 0x000001e98365cc90
Event: 16.621 Thread 0x000001e997a4e380 flushing  nmethod 0x000001e98369d690
Event: 16.621 Thread 0x000001e997a4e380 flushing  nmethod 0x000001e9837c3e90
Event: 16.621 Thread 0x000001e997a4e380 flushing  nmethod 0x000001e983b2e290

Events (20 events):
Event: 12.368 Thread 0x000001e99d80e430 Thread added: 0x000001e99f201770
Event: 12.649 Thread 0x000001e99d80e430 Thread added: 0x000001e99f2003c0
Event: 12.650 Thread 0x000001e99d80e430 Thread added: 0x000001e99f200a50
Event: 12.650 Thread 0x000001e99d80e430 Thread added: 0x000001e99f1ff010
Event: 12.651 Thread 0x000001e99d80e430 Thread added: 0x000001e99f203840
Event: 12.663 Thread 0x000001e99d80e430 Thread added: 0x000001e99f203ed0
Event: 12.664 Thread 0x000001e99d80e430 Thread added: 0x000001e99f204560
Event: 12.665 Thread 0x000001e99d80e430 Thread added: 0x000001e99f204bf0
Event: 12.698 Thread 0x000001e99d80e430 Thread added: 0x000001e99f205280
Event: 12.699 Thread 0x000001e99d80e430 Thread added: 0x000001e99f201e00
Event: 12.700 Thread 0x000001e99d80e430 Thread added: 0x000001e99f202490
Event: 12.701 Thread 0x000001e99d80e430 Thread added: 0x000001e99f205910
Event: 12.701 Thread 0x000001e99d80e430 Thread added: 0x000001e99f205fa0
Event: 12.702 Thread 0x000001e99d80e430 Thread added: 0x000001e99f202b20
Event: 12.703 Thread 0x000001e99d80e430 Thread added: 0x000001e99f206630
Event: 12.763 Thread 0x000001e99c0d6d30 Thread added: 0x000001e99fdae690
Event: 13.350 Thread 0x000001e99fdae690 Thread exited: 0x000001e99fdae690
Event: 13.363 Thread 0x000001e99c4cd060 Thread exited: 0x000001e99c4cd060
Event: 13.561 Thread 0x000001e99c0d6d30 Thread added: 0x000001e9a033f950
Event: 13.561 Thread 0x000001e99c0d6d30 Thread added: 0x000001e9a14b8920


Dynamic libraries:
0x00007ff679070000 - 0x00007ff67907a000 	C:\Program Files\Android\Android Studio\jbr\bin\java.exe
0x00007ffc66840000 - 0x00007ffc66aa7000 	C:\WINDOWS\SYSTEM32\ntdll.dll
0x00007ffc64610000 - 0x00007ffc646d9000 	C:\WINDOWS\System32\KERNEL32.DLL
0x00007ffc63dc0000 - 0x00007ffc641b4000 	C:\WINDOWS\System32\KERNELBASE.dll
0x00007ffc641c0000 - 0x00007ffc6430b000 	C:\WINDOWS\System32\ucrtbase.dll
0x00007ffc61190000 - 0x00007ffc611ab000 	C:\Program Files\Android\Android Studio\jbr\bin\VCRUNTIME140.dll
0x00007ffc5f400000 - 0x00007ffc5f418000 	C:\Program Files\Android\Android Studio\jbr\bin\jli.dll
0x00007ffc65420000 - 0x00007ffc655e5000 	C:\WINDOWS\System32\USER32.dll
0x00007ffc63110000 - 0x00007ffc63137000 	C:\WINDOWS\System32\win32u.dll
0x00007ffc65170000 - 0x00007ffc6519b000 	C:\WINDOWS\System32\GDI32.dll
0x00007ffc43410000 - 0x00007ffc436a3000 	C:\WINDOWS\WinSxS\amd64_microsoft.windows.common-controls_6595b64144ccf1df_6.0.26100.8115_none_3e075c82e3354f9c\COMCTL32.dll
0x00007ffc63be0000 - 0x00007ffc63d0b000 	C:\WINDOWS\System32\gdi32full.dll
0x00007ffc666c0000 - 0x00007ffc66769000 	C:\WINDOWS\System32\msvcrt.dll
0x00007ffc63d10000 - 0x00007ffc63db3000 	C:\WINDOWS\System32\msvcp_win.dll
0x00007ffc645d0000 - 0x00007ffc64602000 	C:\WINDOWS\System32\IMM32.DLL
0x00007ffc613c0000 - 0x00007ffc613cc000 	C:\Program Files\Android\Android Studio\jbr\bin\vcruntime140_1.dll
0x00007ffc3f950000 - 0x00007ffc3f9dd000 	C:\Program Files\Android\Android Studio\jbr\bin\msvcp140.dll
0x00007ffbb22d0000 - 0x00007ffbb2f66000 	C:\Program Files\Android\Android Studio\jbr\bin\server\jvm.dll
0x00007ffc665b0000 - 0x00007ffc66666000 	C:\WINDOWS\System32\ADVAPI32.dll
0x00007ffc64dc0000 - 0x00007ffc64e67000 	C:\WINDOWS\System32\sechost.dll
0x00007ffc65300000 - 0x00007ffc65418000 	C:\WINDOWS\System32\RPCRT4.dll
0x00007ffc64c40000 - 0x00007ffc64cc0000 	C:\WINDOWS\System32\WS2_32.dll
0x00007ffc44520000 - 0x00007ffc44556000 	C:\WINDOWS\SYSTEM32\WINMM.dll
0x00007ffc62f60000 - 0x00007ffc62fbe000 	C:\WINDOWS\SYSTEM32\POWRPROF.dll
0x00007ffc48880000 - 0x00007ffc4888b000 	C:\WINDOWS\SYSTEM32\VERSION.dll
0x00007ffc62f40000 - 0x00007ffc62f54000 	C:\WINDOWS\SYSTEM32\UMPDC.dll
0x00007ffc61ea0000 - 0x00007ffc61ebb000 	C:\WINDOWS\SYSTEM32\kernel.appcore.dll
0x00007ffc61210000 - 0x00007ffc6121a000 	C:\Program Files\Android\Android Studio\jbr\bin\jimage.dll
0x00007ffc5e000000 - 0x00007ffc5e242000 	C:\WINDOWS\SYSTEM32\DBGHELP.DLL
0x00007ffc65e40000 - 0x00007ffc661c2000 	C:\WINDOWS\System32\combase.dll
0x00007ffc655f0000 - 0x00007ffc656c8000 	C:\WINDOWS\System32\OLEAUT32.dll
0x00007ffc40170000 - 0x00007ffc401ab000 	C:\WINDOWS\SYSTEM32\dbgcore.DLL
0x00007ffc64310000 - 0x00007ffc643b5000 	C:\WINDOWS\System32\bcryptPrimitives.dll
0x00007ffc61220000 - 0x00007ffc6122e000 	C:\Program Files\Android\Android Studio\jbr\bin\instrument.dll
0x00007ffc61000000 - 0x00007ffc61020000 	C:\Program Files\Android\Android Studio\jbr\bin\java.dll
0x00007ffc60ed0000 - 0x00007ffc60ee8000 	C:\Program Files\Android\Android Studio\jbr\bin\zip.dll
0x00007ffc656d0000 - 0x00007ffc65e37000 	C:\WINDOWS\System32\SHELL32.dll
0x00007ffc63a70000 - 0x00007ffc63bda000 	C:\WINDOWS\System32\wintypes.dll
0x00007ffc63140000 - 0x00007ffc639a8000 	C:\WINDOWS\System32\windows.storage.dll
0x00007ffc663b0000 - 0x00007ffc664a8000 	C:\WINDOWS\System32\SHCORE.dll
0x00007ffc664b0000 - 0x00007ffc66516000 	C:\WINDOWS\System32\shlwapi.dll
0x00007ffc63030000 - 0x00007ffc63059000 	C:\WINDOWS\SYSTEM32\profapi.dll
0x00007ffc610b0000 - 0x00007ffc610c0000 	C:\Program Files\Android\Android Studio\jbr\bin\net.dll
0x00007ffc57790000 - 0x00007ffc578bd000 	C:\WINDOWS\SYSTEM32\WINHTTP.dll
0x00007ffc62410000 - 0x00007ffc6247c000 	C:\WINDOWS\system32\mswsock.dll
0x00007ffc60e80000 - 0x00007ffc60e96000 	C:\Program Files\Android\Android Studio\jbr\bin\nio.dll
0x00007ffc60820000 - 0x00007ffc60830000 	C:\Program Files\Android\Android Studio\jbr\bin\verify.dll
0x00007ffc5f090000 - 0x00007ffc5f0b7000 	C:\Users\martu\.gradle\native\660c5614fbf4a5f2a75b1949f50a0caf5cd603558e7d8a26e50b933a0cfb79d1\windows-amd64\native-platform.dll
0x00007ffc3f8d0000 - 0x00007ffc3f947000 	C:\Users\martu\.gradle\native\0.2.8\x86_64-windows-gnu\gradle-fileevents.dll
0x00007ffc60e10000 - 0x00007ffc60e19000 	C:\Program Files\Android\Android Studio\jbr\bin\management.dll
0x00007ffc60e00000 - 0x00007ffc60e0b000 	C:\Program Files\Android\Android Studio\jbr\bin\management_ext.dll
0x00007ffc647a0000 - 0x00007ffc647a8000 	C:\WINDOWS\System32\PSAPI.DLL
0x00007ffc61950000 - 0x00007ffc61982000 	C:\WINDOWS\SYSTEM32\IPHLPAPI.DLL
0x00007ffc65110000 - 0x00007ffc6511a000 	C:\WINDOWS\System32\NSI.dll
0x00007ffc60e20000 - 0x00007ffc60e29000 	C:\Program Files\Android\Android Studio\jbr\bin\extnet.dll
0x00007ffc626f0000 - 0x00007ffc6270b000 	C:\WINDOWS\SYSTEM32\CRYPTSP.dll
0x00007ffc61e00000 - 0x00007ffc61e39000 	C:\WINDOWS\system32\rsaenh.dll
0x00007ffc624c0000 - 0x00007ffc624f3000 	C:\WINDOWS\SYSTEM32\USERENV.dll
0x00007ffc63000000 - 0x00007ffc6302a000 	C:\WINDOWS\SYSTEM32\bcrypt.dll
0x00007ffc62710000 - 0x00007ffc6271c000 	C:\WINDOWS\SYSTEM32\CRYPTBASE.dll
0x00007ffc08ec0000 - 0x00007ffc08ec8000 	C:\WINDOWS\system32\wshunix.dll

JVMTI agents:
C:\Users\martu\.gradle\wrapper\dists\gradle-9.3.1-bin\23ovyewtku6u96viwx3xl3oks\gradle-9.3.1\lib\agents\gradle-instrumentation-agent-9.3.1.jar path:C:\Program Files\Android\Android Studio\jbr\bin\instrument.dll, loaded, initialized, instrumentlib options:none

dbghelp: loaded successfully - version: 4.0.5 - missing functions: none
symbol engine: initialized successfully - sym options: 0x614 - pdb path: .;C:\Program Files\Android\Android Studio\jbr\bin;C:\WINDOWS\SYSTEM32;C:\WINDOWS\WinSxS\amd64_microsoft.windows.common-controls_6595b64144ccf1df_6.0.26100.8115_none_3e075c82e3354f9c;C:\Program Files\Android\Android Studio\jbr\bin\server;C:\Users\martu\.gradle\native\660c5614fbf4a5f2a75b1949f50a0caf5cd603558e7d8a26e50b933a0cfb79d1\windows-amd64;C:\Users\martu\.gradle\native\0.2.8\x86_64-windows-gnu

VM Arguments:
jvm_args: --add-opens=java.base/java.lang=ALL-UNNAMED --add-opens=java.base/java.lang.invoke=ALL-UNNAMED --add-opens=java.base/java.util=ALL-UNNAMED --add-opens=java.prefs/java.util.prefs=ALL-UNNAMED --add-exports=jdk.compiler/com.sun.tools.javac.api=ALL-UNNAMED --add-exports=jdk.compiler/com.sun.tools.javac.util=ALL-UNNAMED --add-opens=java.base/java.util=ALL-UNNAMED --add-opens=java.prefs/java.util.prefs=ALL-UNNAMED --add-opens=java.base/java.nio.charset=ALL-UNNAMED --add-opens=java.base/java.net=ALL-UNNAMED --add-opens=java.base/java.util.concurrent=ALL-UNNAMED --add-opens=java.base/java.util.concurrent.atomic=ALL-UNNAMED --add-opens=java.xml/javax.xml.namespace=ALL-UNNAMED --add-opens=java.base/java.time=ALL-UNNAMED -Xmx2048m -Dfile.encoding=UTF-8 -Duser.country=AR -Duser.language=es -Duser.variant -javaagent:C:\Users\martu\.gradle\wrapper\dists\gradle-9.3.1-bin\23ovyewtku6u96viwx3xl3oks\gradle-9.3.1\lib\agents\gradle-instrumentation-agent-9.3.1.jar 
java_command: org.gradle.launcher.daemon.bootstrap.GradleDaemon 9.3.1
java_class_path (initial): C:\Users\martu\.gradle\wrapper\dists\gradle-9.3.1-bin\23ovyewtku6u96viwx3xl3oks\gradle-9.3.1\lib\gradle-daemon-main-9.3.1.jar
Launcher Type: SUN_STANDARD

[Global flags]
     intx CICompilerCount                          = 4                                         {product} {ergonomic}
     uint ConcGCThreads                            = 2                                         {product} {ergonomic}
     uint G1ConcRefinementThreads                  = 8                                         {product} {ergonomic}
   size_t G1HeapRegionSize                         = 1048576                                   {product} {ergonomic}
    uintx GCDrainStackTargetSize                   = 64                                        {product} {ergonomic}
   size_t InitialHeapSize                          = 132120576                                 {product} {ergonomic}
   size_t MarkStackSize                            = 4194304                                   {product} {ergonomic}
   size_t MaxHeapSize                              = 2147483648                                {product} {command line}
   size_t MaxNewSize                               = 1287651328                                {product} {ergonomic}
   size_t MinHeapDeltaBytes                        = 1048576                                   {product} {ergonomic}
   size_t MinHeapSize                              = 8388608                                   {product} {ergonomic}
    uintx NonNMethodCodeHeapSize                   = 5839372                                {pd product} {ergonomic}
    uintx NonProfiledCodeHeapSize                  = 122909434                              {pd product} {ergonomic}
    uintx ProfiledCodeHeapSize                     = 122909434                              {pd product} {ergonomic}
    uintx ReservedCodeCacheSize                    = 251658240                              {pd product} {ergonomic}
     bool SegmentedCodeCache                       = true                                      {product} {ergonomic}
   size_t SoftMaxHeapSize                          = 2147483648                             {manageable} {ergonomic}
     bool UseCompressedOops                        = true                           {product lp64_product} {ergonomic}
     bool UseG1GC                                  = true                                      {product} {ergonomic}
     bool UseLargePagesIndividualAllocation        = false                                  {pd product} {ergonomic}

Logging:
Log output configuration:
 #0: stdout all=warning uptime,level,tags foldmultilines=false
 #1: stderr all=off uptime,level,tags foldmultilines=false

Release file:
JAVA_VERSION="21.0.9" 
MODULES="java.base java.compiler java.datatransfer java.xml java.prefs java.desktop java.instrument java.logging java.management java.security.sasl java.naming java.rmi java.management.rmi java.net.http java.scripting java.security.jgss java.transaction.xa java.sql java.sql.rowset java.xml.crypto java.se java.smartcardio jdk.accessibility jdk.internal.jvmstat jdk.attach jdk.charsets jdk.internal.opt jdk.zipfs jdk.compiler jdk.crypto.ec jdk.crypto.cryptoki jdk.dynalink jdk.hotspot.agent jdk.httpserver jdk.internal.ed jdk.internal.le jdk.internal.vm.ci jdk.jartool jdk.javadoc jdk.jcmd jdk.jdeps jdk.jdwp.agent jdk.jdi jdk.jfr jdk.jlink jdk.jsobject jdk.localedata jdk.management jdk.management.agent jdk.management.jfr jdk.naming.dns jdk.naming.rmi jdk.net jdk.sctp jdk.security.auth jdk.security.jgss jdk.unsupported jdk.unsupported.desktop jdk.xml.dom" 
IMPLEMENTOR="JetBrains s.r.o." 
JAVA_RUNTIME_VERSION="21.0.9+-14787801-b1163.94" 
LIBC="default" 
OS_ARCH="x86_64" 
OS_NAME="Windows" 
SOURCE=".:git:0c757ddc9f2f" 

Environment Variables:
PATH=C:\Oracle\WINDOWS.X64_193000_db_home\bin;C:\Program Files (x86)\VMware\VMware Player\bin\;C:\Program Files\Common Files\Oracle\Java\javapath;C:\WINDOWS\system32;C:\WINDOWS;C:\WINDOWS\System32\Wbem;C:\WINDOWS\System32\WindowsPowerShell\v1.0\;C:\WINDOWS\System32\OpenSSH\;C:\Program Files (x86)\Sennheiser\SoftphoneSDK\;C:\Program Files\Git\cmd;C:\Program Files\MySQL\MySQL Shell 8.0\bin\;C:\Users\martu\AppData\Local\Microsoft\WindowsApps;C:\Users\martu\AppData\Local\Programs\Microsoft VS Code\bin;C:\ProgramData\martu\GitHubDesktop\bin;C:\Users\martu\AppData\Local\GitHubDesktop\bin
USERNAME=martu
OS=Windows_NT
PROCESSOR_IDENTIFIER=Intel64 Family 6 Model 126 Stepping 5, GenuineIntel
TMP=C:\Users\martu\AppData\Local\Temp
TEMP=C:\Users\martu\AppData\Local\Temp




Periodic native trim disabled

JNI global refs:
JNI global refs: 29, weak refs: 4

JNI global refs memory usage: 835, weak refs: 833

Process memory usage:
Resident Set Size: 340284K (4% of 8151992K total physical memory with 721740K free physical memory)

OOME stack traces (most recent first):
Classloader memory used:
Loader org.gradle.internal.classloader.VisitableURLClassLoader                         : 29205K
Loader bootstrap                                                                       : 21980K
Loader org.gradle.initialization.MixInLegacyTypesClassLoader                           : 6699K
Loader org.gradle.internal.classloader.VisitableURLClassLoader                         : 752K
Loader org.gradle.internal.classloader.VisitableURLClassLoader$InstrumentingVisitableURLClassLoader: 587K
Loader jdk.internal.loader.ClassLoaders$AppClassLoader                                 : 229K
Loader jdk.internal.reflect.DelegatingClassLoader                                      : 193K
Loader jdk.internal.loader.ClassLoaders$PlatformClassLoader                            : 181K
Loader org.gradle.groovy.scripts.internal.DefaultScriptCompilationHandler$ScriptClassLoader: 92224B

Classes loaded by more than one classloader:
Class org.gradle.internal.IoActions                                                   : loaded 3 times (x 71B)
Class org.gradle.api.Action                                                           : loaded 3 times (x 70B)
Class org.gradle.api.GradleException                                                  : loaded 3 times (x 82B)
Class org.gradle.api.internal.classpath.ManifestUtil                                  : loaded 2 times (x 71B)
Class sync_studio_tooling_d0g2zhq01pjqv85kdbbhculo0                                   : loaded 2 times (x 171B)
Class com.google.common.collect.UnmodifiableListIterator                              : loaded 2 times (x 95B)
Class org.gradle.internal.operations.MultipleBuildOperationFailures                   : loaded 2 times (x 95B)
Class org.gradle.internal.classloader.DefaultClassLoaderFactory                       : loaded 2 times (x 82B)
Class kotlin.collections.AbstractList$Companion                                       : loaded 2 times (x 71B)
Class org.gradle.internal.classloader.ClassLoaderVisitor                              : loaded 2 times (x 76B)
Class org.gradle.api.internal.classpath.EffectiveClassPath                            : loaded 2 times (x 90B)
Class org.gradle.api.internal.DefaultClassPathProvider                                : loaded 2 times (x 76B)
Class [Lorg.gradle.api.internal.ClassPathProvider;                                    : loaded 2 times (x 69B)
Class org.gradle.api.internal.ClassPathProvider                                       : loaded 2 times (x 70B)
Class org.gradle.internal.service.UnknownServiceException                             : loaded 2 times (x 83B)
Class org.gradle.internal.classpath.TransformedClassPath                              : loaded 2 times (x 96B)
Class org.gradle.internal.classloader.InstrumentingClassLoader                        : loaded 2 times (x 70B)
Class com.google.common.collect.Iterators$ArrayItr                                    : loaded 2 times (x 97B)
Class kotlin.enums.EnumEntriesList                                                    : loaded 2 times (x 223B)
Class com.google.common.collect.UnmodifiableIterator                                  : loaded 2 times (x 80B)
Class org.gradle.internal.service.ServiceLocator                                      : loaded 2 times (x 70B)
Class com.google.common.collect.Iterators$SingletonIterator                           : loaded 2 times (x 81B)
Class com.google.common.collect.Iterators                                             : loaded 2 times (x 71B)
Class com.google.common.collect.Lists$StringAsImmutableList                           : loaded 2 times (x 207B)
Class org.gradle.internal.time.DefaultTimer                                           : loaded 2 times (x 80B)
Class org.gradle.internal.classloader.ClasspathUtil$1                                 : loaded 2 times (x 76B)
Class org.gradle.api.internal.classpath.DefaultModuleRegistry$DefaultModule           : loaded 2 times (x 86B)
Class com.google.common.collect.AbstractIterator                                      : loaded 2 times (x 82B)
Class com.google.common.collect.AbstractIndexedListIterator                           : loaded 2 times (x 96B)
Class org.gradle.internal.time.DefaultCountdownTimer                                  : loaded 2 times (x 88B)
Class org.gradle.api.internal.classpath.Module                                        : loaded 2 times (x 70B)
Class org.gradle.api.internal.classpath.UnknownModuleException                        : loaded 2 times (x 82B)
Class sync_studio_tooling_d0g2zhq01pjqv85kdbbhculo0$_run_closure1                     : loaded 2 times (x 139B)
Class org.gradle.api.internal.DefaultClassPathRegistry                                : loaded 2 times (x 76B)
Class org.gradle.api.internal.ClassPathRegistry                                       : loaded 2 times (x 70B)
Class org.gradle.internal.classpath.DefaultClassPath$ImmutableUniqueList              : loaded 2 times (x 199B)
Class org.gradle.internal.classloader.ClassLoaderHierarchy                            : loaded 2 times (x 70B)
Class com.google.common.collect.Iterators$1                                           : loaded 2 times (x 81B)
Class ijInit1_3de1govfdh90wvuff01664cvn$_run_closure1                                 : loaded 2 times (x 140B)
Class kotlin.UninitializedPropertyAccessException                                     : loaded 2 times (x 82B)
Class com.google.common.collect.Iterators$4                                           : loaded 2 times (x 82B)
Class org.gradle.api.internal.classpath.ModuleRegistry                                : loaded 2 times (x 70B)
Class org.gradle.internal.installation.GradleInstallation$1                           : loaded 2 times (x 75B)
Class com.google.common.collect.Iterators$5                                           : loaded 2 times (x 82B)
Class com.google.common.collect.ImmutableCollection                                   : loaded 2 times (x 125B)
Class org.gradle.api.internal.classpath.DefaultModuleRegistry                         : loaded 2 times (x 86B)
Class com.google.common.collect.Lists                                                 : loaded 2 times (x 71B)
Class com.google.common.collect.Iterators$9                                           : loaded 2 times (x 81B)
Class org.gradle.internal.time.MonotonicClock                                         : loaded 2 times (x 77B)
Class org.gradle.internal.service.ServiceLookupException                              : loaded 2 times (x 82B)
Class org.gradle.internal.classloader.ClassLoaderFactory                              : loaded 2 times (x 70B)
Class org.gradle.internal.service.CachingServiceLocator                               : loaded 2 times (x 82B)
Class org.gradle.internal.time.TimeSource                                             : loaded 2 times (x 70B)
Class kotlin.enums.EnumEntries                                                        : loaded 2 times (x 70B)
Class org.gradle.internal.exceptions.ResolutionProvider                               : loaded 2 times (x 70B)
Class org.gradle.internal.classloader.ClasspathUtil                                   : loaded 2 times (x 71B)
Class org.gradle.internal.time.TimeSource$1                                           : loaded 2 times (x 77B)
Class kotlin.jvm.internal.DefaultConstructorMarker                                    : loaded 2 times (x 71B)
Class org.gradle.api.specs.Spec                                                       : loaded 2 times (x 70B)
Class org.gradle.internal.time.Clock                                                  : loaded 2 times (x 70B)
Class kotlin.collections.AbstractList                                                 : loaded 2 times (x 197B)
Class kotlin.collections.AbstractCollection                                           : loaded 2 times (x 117B)
Class org.gradle.internal.classloader.VisitableURLClassLoader$InstrumentingVisitableURLClassLoader: loaded 2 times (x 123B)
Class org.gradle.internal.classloader.VisitableURLClassLoader$Spec                    : loaded 2 times (x 74B)
Class org.gradle.internal.classpath.DefaultClassPath                                  : loaded 2 times (x 90B)
Class org.gradle.util.internal.DefaultGradleVersion                                   : loaded 2 times (x 82B)
Class ijInit1_3de1govfdh90wvuff01664cvn                                               : loaded 2 times (x 171B)
Class org.gradle.internal.classloader.ClassLoaderSpec                                 : loaded 2 times (x 71B)
Class org.gradle.internal.classloader.VisitableURLClassLoader                         : loaded 2 times (x 117B)
Class org.gradle.internal.classloader.FilteringClassLoader                            : loaded 2 times (x 105B)
Class org.gradle.internal.Cast                                                        : loaded 2 times (x 71B)
Class org.gradle.internal.classpath.DefaultClassPath$ImmutableUniqueList$Builder      : loaded 2 times (x 75B)
Class org.gradle.internal.classpath.ClassPath                                         : loaded 2 times (x 70B)
Class org.gradle.internal.exceptions.NonGradleCauseExceptionsHolder                   : loaded 2 times (x 70B)
Class kotlin.NotImplementedError                                                      : loaded 2 times (x 82B)
Class kotlin.enums.EnumEntriesKt                                                      : loaded 2 times (x 71B)
Class org.gradle.internal.classloader.SystemClassLoaderSpec                           : loaded 2 times (x 71B)
Class org.gradle.internal.exceptions.MultiCauseException                              : loaded 2 times (x 70B)
Class org.gradle.internal.time.CountdownTimer                                         : loaded 2 times (x 70B)
Class kotlin.jvm.internal.Intrinsics                                                  : loaded 2 times (x 71B)
Class org.gradle.tooling.model.ProjectModel                                           : loaded 2 times (x 70B)
Class kotlin.KotlinNullPointerException                                               : loaded 2 times (x 83B)
Class org.gradle.internal.exceptions.DefaultMultiCauseException                       : loaded 2 times (x 95B)
Class com.google.common.base.Preconditions                                            : loaded 2 times (x 71B)
Class com.google.common.collect.PeekingIterator                                       : loaded 2 times (x 70B)
Class org.gradle.internal.time.Time                                                   : loaded 2 times (x 71B)
Class org.gradle.api.internal.classpath.GlobalCacheRootsProvider                      : loaded 2 times (x 70B)
Class kotlin.NoWhenBranchMatchedException                                             : loaded 2 times (x 82B)
Class org.gradle.internal.time.Timer                                                  : loaded 2 times (x 70B)
Class kotlin.jvm.internal.markers.KMappedMarker                                       : loaded 2 times (x 70B)
Class org.gradle.internal.installation.CurrentGradleInstallationLocator               : loaded 2 times (x 71B)
Class com.google.common.collect.ImmutableList                                         : loaded 2 times (x 206B)
Class org.gradle.internal.service.DefaultServiceLocator                               : loaded 2 times (x 83B)
Class org.gradle.util.GradleVersion                                                   : loaded 2 times (x 81B)
Class org.gradle.internal.installation.CurrentGradleInstallation                      : loaded 2 times (x 73B)
Class org.gradle.util.internal.GUtil                                                  : loaded 2 times (x 71B)
Class com.google.common.collect.Iterators$MergingIterator                             : loaded 2 times (x 81B)
Class org.gradle.internal.installation.GradleInstallation                             : loaded 2 times (x 75B)

---------------  S Y S T E M  ---------------

OS:
 Windows 11 , 64 bit Build 26100 (10.0.26100.8246)
OS uptime: 0 days 19:19 hours

CPU: total 8 (initial active 8) (4 cores per cpu, 2 threads per core) family 6 model 126 stepping 5 microcode 0x86, cx8, cmov, fxsr, ht, mmx, 3dnowpref, sse, sse2, sse3, ssse3, sse4.1, sse4.2, popcnt, lzcnt, tsc, tscinvbit, avx, avx2, aes, erms, clmul, bmi1, bmi2, adx, avx512f, avx512dq, avx512cd, avx512bw, avx512vl, sha, fma, vzeroupper, avx512_vpopcntdq, avx512_vpclmulqdq, avx512_vaes, avx512_vnni, clflush, clflushopt, avx512_vbmi2, avx512_vbmi, rdtscp, rdpid, fsrm, gfni, avx512_bitalg, f16c, pku, avx512_ifma
Processor Information for the first 8 processors :
  Max Mhz: 1498, Current Mhz: 1298, Mhz Limit: 1288

Memory: 4k page, system-wide physical 7960M (705M free)
TotalPageFile size 15452M (AvailPageFile size 13M)
current process WorkingSet (physical memory assigned to process): 332M, peak: 336M
current process commit charge ("private bytes"): 384M, peak: 393M

vm_info: OpenJDK 64-Bit Server VM (21.0.9+-14787801-b1163.94) for windows-amd64 JRE (21.0.9+-14787801-b1163.94), built on 2026-01-27T21:15:44Z by "builder" with MS VC++ 16.10 / 16.11 (VS2019)

END.
